[2012-11-06 20:15:16] START
[2012-11-06 20:16:15] EDIT music/models/db.py: 3
[2012-11-06 20:27:32] EDIT music/controllers/default.py: 0
[2012-11-06 20:29:05] EDIT music/views/default/index.html: -5
[2012-11-06 20:29:31] EDIT music/views/default/index.html: -4
[2012-11-06 20:29:46] EDIT music/views/default/index.html: 2
[2012-11-06 20:29:55] EDIT music/views/default/index.html: 0
[2012-11-06 20:30:17] EDIT music/views/default/index.html: 0
[2012-11-06 20:30:32] EDIT music/views/default/index.html: 0
[2012-11-06 20:30:58] EDIT music/views/default/index.html: 0
[2012-11-06 20:32:19] EDIT music/views/default/index.html: -1
[2012-11-06 20:35:21] EDIT music/views/layout.html: 0
[2012-11-06 20:35:23] EDIT music/views/layout.html: 0
[2012-11-06 20:39:58] EDIT music/controllers/default.py: 3
[2012-11-06 20:40:12] EDIT music/controllers/default.py: 1
[2012-11-06 20:40:34] EDIT music/controllers/default.py: 0
[2012-11-06 20:40:58] EDIT music/controllers/default.py: 0
[2012-11-06 20:41:21] EDIT music/controllers/default.py: 0
[2012-11-06 20:41:26] EDIT music/controllers/default.py: 0
[2012-11-06 20:41:42] EDIT music/controllers/default.py: 0
[2012-11-06 20:42:06] EDIT music/controllers/default.py: 0
[2012-11-06 20:42:45] EDIT music/controllers/default.py: 0
[2012-11-06 20:43:18] EDIT music/controllers/default.py: 0
[2012-11-06 20:43:25] EDIT music/controllers/default.py: 0
[2012-11-06 21:45:38] EDIT music/controllers/default.py: 0
[2012-11-06 21:47:08] EDIT music/views/layout.html: 0
[2012-11-06 21:48:32] EDIT music/views/layout.html: 0
[2012-11-06 21:59:36] EDIT music/views/layout.html: 1
[2012-11-06 22:00:10] EDIT music/views/layout.html: 0
[2012-11-06 22:00:18] EDIT music/views/layout.html: 0
[2012-11-06 22:00:30] EDIT music/views/layout.html: 0
[2012-11-06 22:00:48] EDIT music/views/layout.html: 0
[2012-11-06 22:03:02] EDIT music/views/layout.html: 5
[2012-11-06 22:03:27] EDIT music/views/layout.html: 0
[2012-11-06 22:53:39] EDIT music/views/default/index.html: 0
[2012-11-06 23:13:00] EDIT music/controllers/default.py: 0
[2012-11-06 23:16:01] EDIT music/controllers/default.py: 1
[2012-11-06 23:17:10] EDIT music/controllers/default.py: 0
[2012-11-06 23:17:45] EDIT music/views/default/index.html: 2
[2012-11-06 23:19:05] EDIT music/views/default/index.html: 1
[2012-11-06 23:19:58] EDIT music/views/default/index.html: 0
[2012-11-06 23:28:32] EDIT music/views/default/index.html: 0
[2012-11-06 23:34:00] EDIT music/views/default/index.html: 0
[2012-11-06 23:34:32] EDIT music/views/default/index.html: 0
[2012-11-06 23:35:09] EDIT music/views/default/index.html: 0
[2012-11-06 23:35:32] EDIT music/views/default/index.html: 0
[2012-11-06 23:36:03] EDIT music/views/default/index.html: 0
[2012-11-06 23:36:36] EDIT music/views/default/index.html: 0
[2012-11-06 23:36:52] EDIT music/views/default/index.html: 0
[2012-11-06 23:37:26] EDIT music/views/default/index.html: -11
[2012-11-06 23:37:26] EDIT music/views/default/index.html: 0
[2012-11-06 23:37:32] EDIT music/views/default/index.html: 0
[2012-11-06 23:38:07] EDIT music/views/default/index.html: 0
[2012-11-06 23:46:51] EDIT music/controllers/default.py: 0
[2012-11-06 23:53:30] EDIT music/views/default/index.html: 8
[2012-11-06 23:55:01] EDIT music/views/default/index.html: 0
[2012-11-06 23:59:06] EDIT music/views/default/index.html: -5
[2012-11-07 00:39:28] EDIT music/views/default/index.html: 0
[2012-11-07 00:39:36] EDIT music/views/default/index.html: 0
[2012-11-07 00:40:18] EDIT music/views/default/index.html: 0
[2012-11-07 00:40:19] EDIT music/views/default/index.html: 0
[2012-11-07 01:02:46] EDIT music/views/default/index.html: 3
[2012-11-07 01:03:12] EDIT music/views/default/index.html: 2
[2012-11-07 01:05:31] EDIT music/views/default/index.html: 0
[2012-11-07 01:06:41] EDIT music/views/default/index.html: 0
[2012-11-07 01:07:27] EDIT music/views/default/index.html: 0
[2012-11-07 01:08:55] EDIT music/views/default/index.html: 2
[2012-11-07 01:19:43] EDIT music/views/default/index.html: 0
[2012-11-07 01:26:57] EDIT music/views/default/index.html: 0
[2012-11-07 01:28:42] EDIT music/views/default/index.html: 0
[2012-11-07 01:29:29] EDIT music/views/default/index.html: 0
[2012-11-07 01:30:00] EDIT music/views/default/index.html: 0
[2012-11-07 01:30:14] EDIT music/views/default/index.html: 0
[2012-11-07 01:32:19] EDIT music/views/default/index.html: 0
[2012-11-07 01:32:24] EDIT music/views/default/index.html: 0
[2012-11-07 01:35:18] EDIT music/views/layout.html: 1
[2012-11-07 01:35:43] CREATE music.js: 0
[2012-11-07 01:36:32] EDIT music/static/music.js: 8
[2012-11-07 01:37:03] DELETE music/views/default/index.html.1: -26
[2012-11-07 01:37:36] EDIT music/views/default/index.html: 0
[2012-11-07 01:44:30] DELETE music/static/music.js: -8
[2012-11-07 01:44:53] CREATE js/music.js: 0
[2012-11-07 01:44:57] EDIT music/static/js/music.js: 8
[2012-11-07 01:45:11] DELETE music/static/music.js.bak: 0
[2012-11-07 01:49:47] EDIT music/controllers/default.py: 1
[2012-11-07 01:50:00] EDIT music/controllers/default.py: 0
[2012-11-07 01:51:00] EDIT music/controllers/default.py: 0
[2012-11-07 01:54:28] EDIT music/controllers/default.py: 0
[2012-11-07 01:54:31] EDIT music/controllers/default.py: 0
[2012-11-07 01:55:03] EDIT music/controllers/default.py: 0
[2012-11-07 01:55:55] EDIT music/controllers/default.py: 1
[2012-11-07 01:56:05] EDIT music/controllers/default.py: -1
[2012-11-07 01:56:44] EDIT music/controllers/default.py: 1
[2012-11-07 01:56:49] EDIT music/controllers/default.py: 0
[2012-11-07 01:56:49] EDIT music/controllers/default.py: 0
[2012-11-07 01:57:03] EDIT music/controllers/default.py: 0
[2012-11-07 01:57:04] EDIT music/controllers/default.py: 0
[2012-11-07 01:57:59] EDIT music/controllers/default.py: 0
[2012-11-07 01:58:02] EDIT music/controllers/default.py: 0
[2012-11-07 02:00:48] EDIT music/controllers/default.py: 0
[2012-11-07 02:01:12] EDIT music/controllers/default.py: 0
[2012-11-07 02:03:28] EDIT music/controllers/default.py: 0
[2012-11-07 02:04:20] EDIT music/controllers/default.py: 0
[2012-11-07 02:07:50] EDIT music/models/db.py: 9
[2012-11-07 02:18:47] EDIT music/models/db.py: 10
[2012-11-07 02:19:39] EDIT music/models/db.py: 0
[2012-11-07 02:28:23] EDIT music/controllers/default.py: 1
[2012-11-07 02:29:08] EDIT music/controllers/default.py: 0
[2012-11-07 02:29:54] EDIT music/controllers/default.py: 0
[2012-11-07 02:31:13] EDIT music/controllers/default.py: 2
[2012-11-07 02:31:36] EDIT music/controllers/default.py: 0
[2012-11-07 02:32:41] EDIT music/controllers/default.py: 3
[2012-11-07 02:32:50] EDIT music/controllers/default.py: 0
[2012-11-07 02:37:02] EDIT music/controllers/default.py: 0
[2012-11-07 02:38:08] EDIT music/controllers/default.py: 2
[2012-11-07 02:42:19] EDIT music/controllers/default.py: 1
[2012-11-07 02:42:20] EDIT music/controllers/default.py: 0
[2012-11-07 02:42:53] EDIT music/controllers/default.py: 0
[2012-11-07 02:43:25] EDIT music/controllers/default.py: 0
[2012-11-07 02:43:58] EDIT music/controllers/default.py: 0
[2012-11-07 02:44:34] EDIT music/controllers/default.py: 0
[2012-11-07 02:45:37] EDIT music/controllers/default.py: 0
[2012-11-07 02:46:05] EDIT music/controllers/default.py: 0
[2012-11-07 02:46:17] EDIT music/controllers/default.py: 0
[2012-11-07 02:46:36] EDIT music/controllers/default.py: 0
[2012-11-07 02:46:44] EDIT music/controllers/default.py: 0
[2012-11-07 02:46:51] EDIT music/controllers/default.py: 0
[2012-11-07 02:47:16] EDIT music/controllers/default.py: 0
[2012-11-07 02:47:29] EDIT music/controllers/default.py: 0
[2012-11-07 02:50:14] EDIT music/controllers/default.py: 0
[2012-11-07 02:51:21] EDIT music/views/default/index.html: 2
[2012-11-07 02:52:31] EDIT music/views/default/index.html: 3
[2012-11-07 02:53:23] EDIT music/views/default/index.html: 0
[2012-11-07 02:53:48] EDIT music/views/default/index.html: 1
[2012-11-07 02:54:01] EDIT music/views/default/index.html: 0
[2012-11-07 02:54:44] EDIT music/views/default/index.html: 0
[2012-11-07 02:55:37] EDIT music/views/default/index.html: 0
[2012-11-07 02:55:49] EDIT music/views/default/index.html: 0
[2012-11-07 02:55:51] EDIT music/views/default/index.html: 0
[2012-11-07 02:56:58] EDIT music/views/default/index.html: 1
[2012-11-07 02:58:38] EDIT music/views/default/index.html: 0
[2012-11-07 02:58:38] EDIT music/views/default/index.html: 0
[2012-11-07 03:02:30] EDIT music/views/default/index.html: 2
[2012-11-07 03:03:05] EDIT music/views/default/index.html: 0
[2012-11-07 03:03:39] EDIT music/views/default/index.html: 0
[2012-11-07 03:04:10] EDIT music/views/default/index.html: 0
[2012-11-07 03:17:28] EDIT music/views/default/index.html: 0
[2012-11-07 14:09:31] EDIT music/controllers/default.py: 0
[2012-11-07 14:10:18] EDIT music/controllers/default.py: 0
[2012-11-07 14:10:19] EDIT music/controllers/default.py: 0
[2012-11-07 14:10:45] EDIT music/controllers/default.py: 0
[2012-11-07 14:13:57] EDIT music/views/default/index.html: 0
[2012-11-07 14:15:59] EDIT music/views/default/index.html: 0
[2012-11-07 14:17:24] CREATE default/playlist.html: 0
[2012-11-07 14:19:19] EDIT music/controllers/default.py: 3
[2012-11-07 14:19:33] EDIT music/views/default/playlist.html: 1
[2012-11-07 14:20:11] EDIT music/views/default/playlist.html: -1
[2012-11-07 14:22:08] EDIT music/views/default/playlist.html: 16
[2012-11-07 14:22:30] EDIT music/controllers/default.py: 0
[2012-11-07 14:22:50] EDIT music/controllers/default.py: 0
[2012-11-07 14:23:05] EDIT music/views/default/playlist.html: 0
[2012-11-07 14:23:18] EDIT music/controllers/default.py: 0
[2012-11-07 14:25:01] EDIT music/controllers/default.py: 1
[2012-11-07 14:25:10] EDIT music/controllers/default.py: 0
[2012-11-07 14:26:19] EDIT music/controllers/default.py: 0
[2012-11-07 14:27:27] EDIT music/views/default/index.html: -19
[2012-11-07 14:31:10] EDIT music/models/db.py: -3
[2012-11-07 14:36:43] EDIT music/controllers/default.py: 0
[2012-11-07 14:36:50] EDIT music/controllers/default.py: 0
[2012-11-07 14:38:58] EDIT music/views/default/index.html: 4
[2012-11-07 14:39:52] EDIT music/controllers/default.py: 1
[2012-11-07 14:39:52] EDIT music/controllers/default.py: 0
[2012-11-07 14:40:22] EDIT music/views/default/index.html: 0
[2012-11-07 14:41:51] EDIT music/controllers/default.py: 0
[2012-11-07 14:47:39] EDIT music/views/default/playlist.html: 1
[2012-11-07 14:47:58] EDIT music/controllers/default.py: -1
[2012-11-07 14:51:14] EDIT music/models/db.py: 1
[2012-11-07 14:51:32] EDIT music/models/db.py: 0
[2012-11-07 14:52:10] EDIT music/models/db.py: 1
[2012-11-07 14:52:42] EDIT music/views/default/playlist.html: 0
[2012-11-07 14:53:42] EDIT music/views/default/playlist.html: 2
[2012-11-07 14:58:38] EDIT music/views/default/playlist.html: 2
[2012-11-07 15:00:56] EDIT music/views/default/playlist.html: 0
[2012-11-07 15:06:26] EDIT music/controllers/default.py: 0
[2012-11-07 15:07:06] EDIT music/controllers/default.py: 0
[2012-11-07 15:07:38] EDIT music/controllers/default.py: 0
[2012-11-07 15:08:01] EDIT music/controllers/default.py: 0
[2012-11-07 15:08:15] EDIT music/controllers/default.py: 0
[2012-11-07 15:08:31] EDIT music/controllers/default.py: 0
[2012-11-07 15:08:49] EDIT music/controllers/default.py: 0
[2012-11-07 15:08:53] EDIT music/controllers/default.py: 0
[2012-11-07 15:09:13] EDIT music/controllers/default.py: 0
[2012-11-07 15:09:41] EDIT music/controllers/default.py: 0
[2012-11-07 15:21:27] EDIT music/controllers/default.py: 3
[2012-11-07 15:23:00] EDIT music/controllers/default.py: 1
[2012-11-07 15:25:15] EDIT music/controllers/default.py: 0
[2012-11-07 15:26:35] EDIT music/controllers/default.py: 2
[2012-11-07 15:26:55] EDIT music/controllers/default.py: -2
[2012-11-07 15:27:19] EDIT music/controllers/default.py: 1
[2012-11-07 15:27:20] EDIT music/controllers/default.py: 0
[2012-11-07 15:27:33] EDIT music/controllers/default.py: 0
[2012-11-07 15:27:39] EDIT music/controllers/default.py: 0
[2012-11-07 15:28:13] EDIT music/controllers/default.py: 0
[2012-11-07 15:28:26] EDIT music/controllers/default.py: 0
[2012-11-07 15:29:10] EDIT music/controllers/default.py: 0
[2012-11-07 15:29:21] EDIT music/controllers/default.py: 0
[2012-11-07 15:29:43] EDIT music/controllers/default.py: 0
[2012-11-07 15:34:01] EDIT music/controllers/default.py: 1
[2012-11-07 15:34:26] EDIT music/views/default/index.html: 1
[2012-11-07 15:39:57] EDIT music/views/default/index.html: 6
[2012-11-07 15:40:22] EDIT music/views/default/index.html: 2
[2012-11-07 15:40:46] EDIT music/views/default/index.html: 0
[2012-11-07 15:41:18] EDIT music/views/default/index.html: 0
[2012-11-07 15:41:59] EDIT music/views/default/index.html: 4
[2012-11-07 15:42:09] EDIT music/views/default/index.html: 0
[2012-11-07 15:43:41] EDIT music/views/default/index.html: 1
[2012-11-07 15:44:13] EDIT music/views/default/index.html: 0
[2012-11-07 15:44:49] EDIT music/views/default/index.html: 0
[2012-11-07 15:44:59] EDIT music/views/default/index.html: 0
[2012-11-07 15:45:28] EDIT music/views/default/index.html: 0
[2012-11-07 15:45:28] EDIT music/views/default/index.html: 0
[2012-11-07 15:46:25] EDIT music/views/default/index.html: 0
[2012-11-07 15:46:25] EDIT music/views/default/index.html: 0
[2012-11-07 15:46:28] EDIT music/views/default/index.html: 0
[2012-11-07 15:52:40] EDIT music/views/default/index.html: 0
[2012-11-07 15:57:38] EDIT music/views/default/index.html: 2
[2012-11-07 15:59:40] EDIT music/views/default/index.html: 0
[2012-11-07 16:00:05] EDIT music/views/default/index.html: 0
[2012-11-07 16:00:18] EDIT music/views/default/index.html: 0
[2012-11-07 16:00:35] EDIT music/views/default/index.html: 0
[2012-11-07 16:01:02] EDIT music/views/default/index.html: 0
[2012-11-07 16:01:06] EDIT music/views/default/index.html: 0
[2012-11-07 16:02:32] EDIT music/views/default/index.html: 2
[2012-11-07 16:04:36] EDIT music/views/default/index.html: 0
[2012-11-07 16:05:18] EDIT music/views/default/index.html: 0
[2012-11-07 16:09:02] EDIT music/views/default/index.html: 0
[2012-11-07 16:09:07] EDIT music/views/default/index.html: 0
[2012-11-07 16:09:57] EDIT music/views/default/index.html: 2
[2012-11-07 16:10:13] EDIT music/views/default/index.html: 0
[2012-11-07 16:10:33] EDIT music/views/default/index.html: 0
[2012-11-07 16:11:24] EDIT music/views/default/index.html: -2
[2012-11-07 16:11:25] EDIT music/views/default/index.html: 0
[2012-11-07 16:13:23] EDIT music/views/default/index.html: 0
[2012-11-07 16:14:11] EDIT music/static/js/music.js: 4
[2012-11-07 16:14:12] EDIT music/static/js/music.js: 0
[2012-11-07 16:14:58] EDIT music/views/default/index.html: 0
[2012-11-07 16:17:25] EDIT music/views/default/index.html: 0
[2012-11-07 16:18:04] EDIT music/views/default/index.html: 0
[2012-11-07 16:18:16] EDIT music/views/default/index.html: 0
[2012-11-07 16:19:57] EDIT music/views/default/index.html: 0
[2012-11-07 16:19:58] EDIT music/views/default/index.html: 0
[2012-11-07 16:20:13] EDIT music/views/default/index.html: 0
[2012-11-07 16:20:55] EDIT music/views/default/index.html: 0
[2012-11-07 16:21:23] EDIT music/static/js/music.js: 0
[2012-11-07 16:21:40] EDIT music/views/default/index.html: 0
[2012-11-07 16:24:08] EDIT music/views/default/index.html: 0
[2012-11-07 16:24:39] EDIT music/views/default/index.html: 0
[2012-11-07 16:25:07] EDIT music/views/default/index.html: -4
[2012-11-07 16:26:49] EDIT music/views/default/index.html: 0
[2012-11-07 16:30:19] EDIT music/views/default/index.html: 0
[2012-11-07 16:30:44] EDIT music/static/js/music.js: 0
[2012-11-07 16:34:53] EDIT music/views/default/index.html: 0
[2012-11-07 16:36:43] EDIT music/static/js/music.js: 1
[2012-11-07 16:36:45] EDIT music/static/js/music.js: 0
[2012-11-07 16:37:45] EDIT music/static/js/music.js: 0
[2012-11-07 16:38:04] EDIT music/views/default/index.html: 1
[2012-11-07 16:38:05] EDIT music/views/default/index.html: 0
[2012-11-07 16:42:01] EDIT music/static/js/music.js: 1
[2012-11-07 16:42:47] EDIT music/static/js/music.js: -2
[2012-11-07 16:43:48] EDIT music/static/js/music.js: 0
[2012-11-07 16:44:46] EDIT music/views/default/index.html: 0
[2012-11-07 16:45:11] EDIT music/views/default/index.html: 0
[2012-11-07 16:52:22] EDIT music/static/js/music.js: 0
[2012-11-07 16:53:25] EDIT music/views/default/index.html: 0
[2012-11-07 16:53:43] EDIT music/static/js/music.js: 0
[2012-11-07 17:00:39] EDIT music/static/js/music.js: 0
[2012-11-07 17:05:24] EDIT music/static/js/music.js: 0
[2012-11-07 17:07:30] EDIT music/views/default/index.html: 0
[2012-11-08 22:04:19] EDIT music/views/default/index.html: 0
[2012-11-08 22:04:31] EDIT music/views/default/index.html: 0
[2012-11-08 22:04:49] EDIT music/views/default/index.html: 0
[2012-11-08 22:08:36] EDIT music/views/default/playlist.html: 0
[2012-11-08 22:10:22] EDIT music/views/default/playlist.html: 0
[2012-11-08 22:14:40] EDIT music/static/js/music.js: 6
[2012-11-08 22:17:55] EDIT music/static/js/music.js: 0
[2012-11-08 22:18:27] EDIT music/static/js/music.js: 0
[2012-11-08 22:18:59] EDIT music/static/js/music.js: 1
[2012-11-08 22:19:21] EDIT music/static/js/music.js: 0
[2012-11-08 22:19:42] EDIT music/static/js/music.js: 0
[2012-11-08 22:19:53] EDIT music/static/js/music.js: 0
[2012-11-08 22:20:45] EDIT music/views/default/playlist.html: 0
[2012-11-08 22:20:46] EDIT music/views/default/playlist.html: 0
[2012-11-08 22:21:54] EDIT music/static/js/music.js: 8
[2012-11-08 22:22:41] EDIT music/static/js/music.js: 0
[2012-11-08 22:23:02] EDIT music/static/js/music.js: 0
[2012-11-08 22:23:05] EDIT music/static/js/music.js: 0
[2012-11-08 22:25:00] EDIT music/views/default/index.html: -1
[2012-11-08 22:25:32] EDIT music/views/default/index.html: 1
[2012-11-08 22:25:41] EDIT music/views/default/playlist.html: -1
[2012-11-08 22:26:52] EDIT music/static/js/music.js: 1
[2012-11-08 22:29:11] EDIT music/views/default/playlist.html: 3
[2012-11-08 22:29:51] EDIT music/views/default/playlist.html: 0
[2012-11-08 22:30:19] EDIT music/views/default/playlist.html: 0
[2012-11-08 22:31:27] EDIT music/views/default/playlist.html: 0
[2012-11-08 22:31:52] EDIT music/views/default/playlist.html: 0
[2012-11-08 22:32:06] EDIT music/views/default/playlist.html: 0
[2012-11-08 22:32:18] EDIT music/views/default/playlist.html: 0
[2012-11-08 22:35:11] EDIT music/views/default/playlist.html: 0
[2012-11-08 22:35:36] EDIT music/static/js/music.js: -1
[2012-11-08 22:41:15] EDIT music/static/js/music.js: 12
[2012-11-08 22:51:13] EDIT music/static/js/music.js: -5
[2012-11-08 22:51:56] EDIT music/static/js/music.js: 0
[2012-11-08 22:53:39] EDIT music/static/js/music.js: 0
[2012-11-08 22:54:10] EDIT music/static/js/music.js: 0
[2012-11-08 22:54:35] EDIT music/static/js/music.js: 0
[2012-11-08 22:55:20] EDIT music/static/js/music.js: 0
[2012-11-08 22:58:02] EDIT music/static/js/music.js: 0
[2012-11-08 23:04:52] EDIT music/static/js/music.js: 2
[2012-11-08 23:06:34] EDIT music/static/js/music.js: 0
[2012-11-08 23:06:54] EDIT music/static/js/music.js: 0
[2012-11-08 23:12:33] EDIT music/static/js/music.js: 0
[2012-11-08 23:15:26] EDIT music/views/default/playlist.html: -3
[2012-11-08 23:16:43] EDIT music/static/js/music.js: -7
[2012-11-08 23:18:09] EDIT music/static/js/music.js: -1
[2012-11-08 23:19:47] EDIT music/static/js/music.js: 1
[2012-11-08 23:19:48] EDIT music/static/js/music.js: 0
[2012-11-08 23:21:13] EDIT music/static/js/music.js: 1
[2012-11-08 23:21:14] EDIT music/static/js/music.js: 0
[2012-11-08 23:22:39] EDIT music/static/js/music.js: 1
[2012-11-08 23:22:59] EDIT music/static/js/music.js: -1
[2012-11-08 23:23:03] EDIT music/static/js/music.js: 0
[2012-11-08 23:24:09] EDIT music/static/js/music.js: 1
[2012-11-08 23:25:05] EDIT music/views/default/playlist.html: 0
[2012-11-08 23:25:45] EDIT music/static/js/music.js: 0
[2012-11-08 23:26:51] EDIT music/static/js/music.js: 0
[2012-11-08 23:27:03] EDIT music/static/js/music.js: -1
[2012-11-08 23:29:38] EDIT music/views/default/playlist.html: 3
[2012-11-08 23:29:49] EDIT music/views/default/playlist.html: 0
[2012-11-08 23:30:03] EDIT music/views/default/playlist.html: 0
[2012-11-08 23:31:15] EDIT music/static/js/music.js: 9
[2012-11-08 23:31:16] EDIT music/static/js/music.js: 0
[2012-11-08 23:31:39] EDIT music/static/js/music.js: 1
[2012-11-08 23:32:57] EDIT music/views/default/playlist.html: 1
[2012-11-08 23:36:18] EDIT music/views/layout.html: 0
[2012-11-08 23:37:48] EDIT music/views/default/playlist.html: 2
[2012-11-08 23:42:29] EDIT music/views/default/playlist.html: 1
[2012-11-08 23:42:55] EDIT music/views/default/playlist.html: 0
[2012-11-08 23:43:23] EDIT music/views/default/playlist.html: 0
[2012-11-08 23:43:27] EDIT music/views/default/playlist.html: 0
[2012-11-08 23:44:06] EDIT music/views/default/playlist.html: 1
[2012-11-08 23:44:38] EDIT music/views/default/playlist.html: 0
[2012-11-08 23:45:09] EDIT music/views/default/playlist.html: 0
[2012-11-08 23:45:22] EDIT music/views/default/playlist.html: 0
[2012-11-08 23:45:49] EDIT music/views/default/playlist.html: 0
[2012-11-08 23:47:14] EDIT music/views/default/playlist.html: 1
[2012-11-08 23:47:27] EDIT music/views/default/playlist.html: -1
[2012-11-08 23:49:05] EDIT music/views/default/playlist.html: 0
[2012-11-08 23:52:47] EDIT music/views/default/playlist.html: 0
[2012-11-08 23:54:47] EDIT music/views/default/playlist.html: 2
[2012-11-09 00:22:19] EDIT music/views/default/playlist.html: 0
[2012-11-09 00:23:51] EDIT music/views/default/playlist.html: 0
[2012-11-09 00:24:06] EDIT music/views/default/playlist.html: 0
[2012-11-09 00:24:19] EDIT music/views/default/playlist.html: 0
[2012-11-09 00:25:23] EDIT music/views/default/playlist.html: 2
[2012-11-09 00:25:58] EDIT music/static/js/music.js: 0
[2012-11-09 00:26:03] EDIT music/static/js/music.js: 0
[2012-11-09 00:26:51] EDIT music/static/js/music.js: 0
[2012-11-09 00:27:49] EDIT music/static/js/music.js: 0
[2012-11-09 00:31:15] EDIT music/static/js/music.js: 4
[2012-11-09 00:31:15] EDIT music/static/js/music.js: 0
[2012-11-09 00:32:38] EDIT music/static/js/music.js: -3
[2012-11-09 00:33:07] EDIT music/static/js/music.js: 0
[2012-11-09 00:33:25] EDIT music/static/js/music.js: 0
[2012-11-09 00:33:48] EDIT music/static/js/music.js: 0
[2012-11-09 00:34:27] EDIT music/static/js/music.js: 0
[2012-11-09 00:34:33] EDIT music/static/js/music.js: 0
[2012-11-09 00:34:58] EDIT music/static/js/music.js: 0
[2012-11-09 00:36:36] EDIT music/static/js/music.js: -1
[2012-11-09 00:37:05] EDIT music/static/js/music.js: 1
[2012-11-09 00:37:41] EDIT music/static/js/music.js: 1
[2012-11-09 00:42:00] EDIT music/static/js/music.js: 8
[2012-11-09 00:43:19] EDIT music/static/js/music.js: 2
[2012-11-09 00:43:59] EDIT music/static/js/music.js: -2
[2012-11-09 00:44:42] EDIT music/static/js/music.js: 0
[2012-11-09 00:44:44] EDIT music/static/js/music.js: 0
[2012-11-09 00:45:11] EDIT music/static/js/music.js: -2
[2012-11-09 00:46:27] EDIT music/views/default/playlist.html: -5
[2012-11-09 00:46:58] EDIT music/static/js/music.js: 0
[2012-11-09 00:50:59] EDIT music/views/default/playlist.html: 3
[2012-11-09 00:51:54] EDIT music/static/js/music.js: 1
[2012-11-09 00:55:02] EDIT music/views/default/playlist.html: 5
[2012-11-09 00:55:37] EDIT music/views/default/playlist.html: 0
[2012-11-09 00:56:12] EDIT music/views/default/playlist.html: 0
[2012-11-09 00:56:32] EDIT music/views/default/playlist.html: 0
[2012-11-09 00:57:14] EDIT music/views/default/playlist.html: 0
[2012-11-09 00:59:54] EDIT music/controllers/default.py: -3
[2012-11-09 01:00:07] EDIT music/controllers/default.py: -1
[2012-11-09 01:00:08] EDIT music/controllers/default.py: 0
[2012-11-09 01:01:06] EDIT music/controllers/default.py: 2
[2012-11-09 01:01:21] EDIT music/views/default/playlist.html: 0
[2012-11-09 01:15:41] EDIT music/controllers/default.py: 1
[2012-11-09 01:16:04] EDIT music/controllers/default.py: 0
[2012-11-09 01:16:45] EDIT music/controllers/default.py: 1
[2012-11-09 01:18:03] EDIT music/controllers/default.py: 0
[2012-11-09 01:18:25] EDIT music/views/default/playlist.html: 0
[2012-11-09 01:18:47] EDIT music/controllers/default.py: 0
[2012-11-09 01:20:45] EDIT music/views/default/playlist.html: 0
[2012-11-09 01:21:05] EDIT music/controllers/default.py: 1
[2012-11-09 01:21:13] EDIT music/controllers/default.py: 0
[2012-11-09 01:21:33] EDIT music/controllers/default.py: 0
[2012-11-09 01:25:06] EDIT music/controllers/default.py: -3
[2012-11-09 01:25:51] EDIT music/controllers/default.py: 1
[2012-11-09 01:25:55] EDIT music/controllers/default.py: 0
[2012-11-09 01:28:35] EDIT music/controllers/default.py: 0
[2012-11-09 01:29:43] EDIT music/controllers/default.py: 0
[2012-11-09 01:32:23] EDIT music/controllers/default.py: 4
[2012-11-09 01:33:02] CREATE default/save.html: 0
[2012-11-09 01:33:29] EDIT music/views/default/save.html: -2
[2012-11-09 01:33:31] EDIT music/views/default/save.html: 0
[2012-11-09 01:34:15] EDIT music/controllers/default.py: -1
[2012-11-09 01:35:32] EDIT music/controllers/default.py: -1
[2012-11-09 01:35:48] EDIT music/controllers/default.py: 0
[2012-11-09 01:36:23] EDIT music/controllers/default.py: 0
[2012-11-09 01:36:24] EDIT music/controllers/default.py: 0
[2012-11-09 01:36:39] EDIT music/controllers/default.py: 0
[2012-11-09 01:36:54] EDIT music/controllers/default.py: 0
[2012-11-09 01:37:01] EDIT music/controllers/default.py: 0
[2012-11-09 01:37:09] EDIT music/controllers/default.py: 0
[2012-11-09 01:39:32] EDIT music/controllers/default.py: 0
[2012-11-09 01:39:36] EDIT music/controllers/default.py: 0
[2012-11-09 01:42:12] EDIT music/controllers/default.py: 0
[2012-11-09 01:44:44] EDIT music/controllers/default.py: 0
[2012-11-09 01:45:20] EDIT music/controllers/default.py: 0
[2012-11-09 01:46:20] EDIT music/controllers/default.py: 2
[2012-11-09 01:46:26] EDIT music/controllers/default.py: 0
[2012-11-09 01:52:42] EDIT music/controllers/default.py: 0
[2012-11-09 01:53:04] EDIT music/controllers/default.py: 0
[2012-11-09 01:53:47] EDIT music/controllers/default.py: 0
[2012-11-09 01:54:08] EDIT music/controllers/default.py: 1
[2012-11-09 01:54:38] EDIT music/controllers/default.py: 1
[2012-11-09 01:54:44] EDIT music/controllers/default.py: -3
[2012-11-09 01:54:56] EDIT music/controllers/default.py: 0
[2012-11-09 01:55:13] EDIT music/controllers/default.py: 0
[2012-11-09 01:55:22] EDIT music/controllers/default.py: 0
[2012-11-09 01:57:08] EDIT music/controllers/default.py: 1
[2012-11-09 01:57:19] EDIT music/controllers/default.py: 0
[2012-11-09 01:58:44] EDIT music/controllers/default.py: 0
[2012-11-09 02:02:36] EDIT music/controllers/default.py: 0
[2012-11-09 02:12:13] EDIT music/views/default/playlist.html: 0
[2012-11-09 02:12:22] EDIT music/views/default/playlist.html: 0
[2012-11-09 02:13:55] EDIT music/static/js/music.js: 4
[2012-11-09 02:17:05] EDIT music/static/js/music.js: 8
[2012-11-09 02:17:08] EDIT music/static/js/music.js: 0
[2012-11-09 02:21:21] EDIT music/static/js/music.js: -6
[2012-11-09 02:22:40] EDIT music/static/js/music.js: 0
[2012-11-09 02:23:22] EDIT music/static/js/music.js: 0
[2012-11-09 02:26:49] EDIT music/static/js/music.js: 0
[2012-11-09 02:27:26] EDIT music/views/default/playlist.html: 0
[2012-11-09 02:28:21] EDIT music/static/js/music.js: 0
[2012-11-09 02:40:06] EDIT music/static/js/music.js: 4
[2012-11-09 02:42:07] EDIT music/static/js/music.js: 1
[2012-11-09 02:42:36] EDIT music/static/js/music.js: 0
[2012-11-09 02:44:19] EDIT music/static/js/music.js: 0
[2012-11-09 02:46:12] EDIT music/static/js/music.js: 4
[2012-11-09 02:46:35] EDIT music/static/js/music.js: 2
[2012-11-09 02:46:56] EDIT music/static/js/music.js: 0
[2012-11-09 02:48:10] EDIT music/static/js/music.js: 0
[2012-11-09 02:48:33] EDIT music/static/js/music.js: 0
[2012-11-09 02:50:52] EDIT music/static/js/music.js: 0
[2012-11-09 02:51:18] EDIT music/static/js/music.js: 0
[2012-11-09 10:12:15] EDIT music/controllers/default.py: 0
[2012-11-14 18:18:59] EDIT music/controllers/default.py: 0
[2012-11-14 18:25:48] EDIT music/controllers/default.py: 1
[2012-11-14 18:25:50] EDIT music/controllers/default.py: 0
[2012-11-14 18:52:29] EDIT music/controllers/default.py: 2
[2012-11-14 18:54:41] EDIT music/views/default/index.html: 1
[2012-11-14 18:54:45] EDIT music/views/default/index.html: 0
[2012-11-14 18:54:45] EDIT music/views/default/index.html: 0
[2012-11-14 18:54:47] EDIT music/views/default/index.html: 0
[2012-11-14 18:55:25] EDIT music/views/default/index.html: -1
[2012-11-14 18:55:26] EDIT music/views/default/index.html: 0
[2012-11-14 18:56:55] EDIT music/views/default/index.html: 0
[2012-11-14 18:57:32] EDIT music/views/default/index.html: 0
[2012-11-14 18:57:32] EDIT music/views/default/index.html: 0
[2012-11-14 18:57:46] EDIT music/views/default/index.html: 0
[2012-11-14 18:58:15] EDIT music/views/default/index.html: 1
[2012-11-14 18:59:50] EDIT music/views/default/index.html: 0
[2012-11-14 18:59:50] EDIT music/views/default/index.html: 0
[2012-11-14 19:06:41] EDIT music/views/default/index.html: -1
[2012-11-14 19:06:44] EDIT music/views/default/index.html: 0
[2012-11-14 19:06:56] EDIT music/views/default/index.html: 0
[2012-11-14 19:06:58] EDIT music/views/default/index.html: 0
[2012-11-14 19:07:33] EDIT music/views/default/index.html: 0
[2012-11-14 19:07:47] EDIT music/views/default/index.html: 0
[2012-11-14 19:09:32] EDIT music/views/default/index.html: 1
[2012-11-14 19:09:50] EDIT music/views/default/index.html: 0
[2012-11-14 19:09:50] EDIT music/views/default/index.html: 0
[2012-11-14 19:10:03] EDIT music/views/default/index.html: 0
[2012-11-14 19:10:53] EDIT music/views/default/index.html: 0
[2012-11-14 19:10:53] EDIT music/views/default/index.html: 0
[2012-11-14 19:10:55] EDIT music/views/default/index.html: 0
[2012-11-14 19:12:28] EDIT music/views/default/index.html: 0
[2012-11-14 19:12:40] EDIT music/views/default/index.html: 0
[2012-11-14 19:13:16] EDIT music/views/default/index.html: 1
[2012-11-14 19:13:16] EDIT music/views/default/index.html: 0
[2012-11-14 19:13:42] EDIT music/views/default/index.html: 0
[2012-11-14 19:13:58] EDIT music/views/default/index.html: 0
[2012-11-14 19:14:39] EDIT music/views/default/index.html: 0
[2012-11-14 19:14:41] EDIT music/views/default/index.html: 0
[2012-11-14 19:14:42] EDIT music/views/default/index.html: 0
[2012-11-14 19:16:57] EDIT music/controllers/default.py: 0
[2012-11-14 19:17:05] EDIT music/controllers/default.py: 0
[2012-11-14 19:17:42] EDIT music/controllers/default.py: 2
[2012-11-14 19:17:57] EDIT music/controllers/default.py: 1
[2012-11-14 19:18:31] EDIT music/controllers/default.py: 1
[2012-11-14 19:19:05] EDIT music/controllers/default.py: 0
[2012-11-14 19:26:59] EDIT music/controllers/default.py: 10
[2012-11-14 19:29:56] EDIT music/controllers/default.py: 1
[2012-11-14 19:30:09] EDIT music/controllers/default.py: 0
[2012-11-14 19:30:20] EDIT music/controllers/default.py: 0
[2012-11-14 19:31:16] EDIT music/controllers/default.py: 0
[2012-11-14 19:31:17] EDIT music/controllers/default.py: 0
[2012-11-14 19:31:28] EDIT music/controllers/default.py: 1
[2012-11-14 19:31:51] EDIT music/controllers/default.py: 3
[2012-11-14 19:32:06] EDIT music/controllers/default.py: 0
[2012-11-14 19:33:01] EDIT music/controllers/default.py: 0
[2012-11-14 19:36:56] EDIT music/controllers/default.py: 0
[2012-11-14 19:37:06] EDIT music/controllers/default.py: 0
[2012-11-14 19:37:13] EDIT music/controllers/default.py: 0
[2012-11-14 19:37:24] EDIT music/controllers/default.py: 0
[2012-11-14 19:41:35] EDIT music/controllers/default.py: 0
[2012-11-14 19:41:47] EDIT music/controllers/default.py: 0
[2012-11-14 19:48:53] EDIT music/controllers/default.py: 0
[2012-11-14 19:49:00] EDIT music/controllers/default.py: 0
[2012-11-14 19:49:15] EDIT music/controllers/default.py: 0
[2012-11-14 19:54:59] EDIT music/views/default/playlist.html: 8
[2012-11-14 19:56:36] EDIT music/views/default/playlist.html: 2
[2012-11-14 19:56:59] EDIT music/views/default/playlist.html: 0
[2012-11-14 19:58:37] EDIT music/controllers/default.py: 0
[2012-11-14 19:58:39] EDIT music/controllers/default.py: 0
[2012-11-14 19:59:41] EDIT music/views/default/playlist.html: 0
[2012-11-14 20:02:05] EDIT music/controllers/default.py: 0
[2012-11-14 20:02:06] EDIT music/controllers/default.py: 0
[2012-11-14 20:02:55] EDIT music/views/default/playlist.html: 0
[2012-11-14 20:03:23] EDIT music/views/default/playlist.html: 0
[2012-11-14 20:03:56] EDIT music/controllers/default.py: 0
[2012-11-14 20:05:34] EDIT music/controllers/default.py: 0
[2012-11-14 20:06:12] EDIT music/controllers/default.py: 0
[2012-11-14 20:06:12] EDIT music/controllers/default.py: 0
[2012-11-14 20:06:18] EDIT music/controllers/default.py: 0
[2012-11-14 20:06:18] EDIT music/controllers/default.py: 0
[2012-11-14 20:06:52] EDIT music/controllers/default.py: 0
[2012-11-14 20:07:04] EDIT music/controllers/default.py: 0
[2012-11-14 20:07:45] EDIT music/views/default/playlist.html: 2
[2012-11-14 20:08:07] EDIT music/views/default/playlist.html: 0
[2012-11-14 20:08:09] EDIT music/views/default/playlist.html: 0
[2012-11-14 20:08:11] EDIT music/views/default/playlist.html: 0
[2012-11-14 20:09:20] EDIT music/controllers/default.py: -10
[2012-11-14 20:09:22] EDIT music/controllers/default.py: 0
[2012-11-14 20:13:56] EDIT music/controllers/default.py: 0
[2012-11-14 20:14:23] EDIT music/controllers/default.py: 1
[2012-11-14 20:15:03] EDIT music/controllers/default.py: -1
[2012-11-14 20:15:03] EDIT music/controllers/default.py: 0
[2012-11-14 20:21:30] EDIT music/controllers/default.py: 2
[2012-11-14 20:22:02] EDIT music/controllers/default.py: 2
[2012-11-14 21:27:42] EDIT music/controllers/default.py: -1
[2012-11-14 21:28:02] EDIT music/controllers/default.py: 0
[2012-11-14 21:28:17] EDIT music/controllers/default.py: 0
[2012-11-14 21:30:42] EDIT music/controllers/default.py: 0
[2012-11-14 21:31:03] EDIT music/controllers/default.py: 1
[2012-11-14 21:31:13] EDIT music/controllers/default.py: -1
[2012-11-14 21:31:17] EDIT music/controllers/default.py: 1
[2012-11-14 21:32:16] EDIT music/controllers/default.py: 0
[2012-11-14 21:36:45] EDIT music/controllers/default.py: 0
[2012-11-14 21:55:42] EDIT music/controllers/default.py: 4
[2012-11-14 22:05:57] EDIT music/controllers/default.py: 0
[2012-11-14 22:07:56] EDIT music/controllers/default.py: 2
[2012-11-14 22:08:03] EDIT music/controllers/default.py: 0
[2012-11-14 22:09:27] EDIT music/controllers/default.py: 0
[2012-11-14 22:09:41] EDIT music/controllers/default.py: 1
[2012-11-14 22:09:50] EDIT music/controllers/default.py: 0
[2012-11-14 22:09:59] EDIT music/controllers/default.py: -1
[2012-11-14 22:10:46] EDIT music/controllers/default.py: 0
[2012-11-14 22:11:05] EDIT music/controllers/default.py: 0
[2012-11-14 22:13:20] EDIT music/controllers/default.py: 0
[2012-11-14 22:15:18] EDIT music/controllers/default.py: 0
[2012-11-14 22:15:20] EDIT music/controllers/default.py: 0
[2012-11-14 22:22:21] EDIT music/controllers/default.py: 0
[2012-11-14 22:22:34] EDIT music/controllers/default.py: 0
[2012-11-14 22:23:41] EDIT music/controllers/default.py: 1
[2012-11-14 22:24:51] EDIT music/controllers/default.py: 0
[2012-11-14 22:25:11] EDIT music/controllers/default.py: 0
[2012-11-14 22:26:39] EDIT music/controllers/default.py: 0
[2012-11-14 22:26:43] EDIT music/controllers/default.py: 0
[2012-11-14 22:26:58] EDIT music/controllers/default.py: -1
[2012-11-14 22:28:06] EDIT music/static/js/music.js: 0
[2012-11-14 22:28:36] EDIT music/static/js/music.js: 0
[2012-11-14 22:38:38] EDIT music/views/default/playlist.html: 0
[2012-11-14 22:38:58] EDIT music/static/js/music.js: 4
[2012-11-14 22:41:45] EDIT music/views/default/playlist.html: 0
[2012-11-14 22:41:46] EDIT music/views/default/playlist.html: 0
[2012-11-14 22:48:50] EDIT music/views/default/playlist.html: 0
[2012-11-14 22:49:58] EDIT music/views/default/playlist.html: 0
[2012-11-14 22:49:59] EDIT music/views/default/playlist.html: 0
[2012-11-14 22:50:18] EDIT music/views/default/playlist.html: 0
[2012-11-14 22:50:41] EDIT music/views/default/playlist.html: -1
[2012-11-14 22:51:18] EDIT music/views/default/playlist.html: 3
[2012-11-14 22:51:29] EDIT music/views/default/playlist.html: -1
[2012-11-14 22:52:15] EDIT music/controllers/default.py: 0
[2012-11-14 22:52:23] EDIT music/controllers/default.py: 0
[2012-11-14 22:52:24] EDIT music/controllers/default.py: 0
[2012-11-14 22:52:25] EDIT music/controllers/default.py: 0
[2012-11-14 22:53:41] EDIT music/views/default/playlist.html: 3
[2012-11-14 22:53:52] EDIT music/views/default/playlist.html: 0
[2012-11-14 22:54:13] EDIT music/views/default/playlist.html: 0
[2012-11-14 22:54:15] EDIT music/views/default/playlist.html: 0
[2012-11-14 22:54:52] EDIT music/controllers/default.py: 0
[2012-11-14 22:56:04] EDIT music/views/default/playlist.html: 0
[2012-11-14 22:58:39] EDIT music/controllers/default.py: 0
[2012-11-14 22:58:40] EDIT music/controllers/default.py: 0
[2012-11-14 22:58:44] EDIT music/controllers/default.py: 0
[2012-11-14 22:59:16] EDIT music/views/default/playlist.html: 0
[2012-11-14 22:59:16] EDIT music/views/default/playlist.html: 0
[2012-11-14 22:59:50] EDIT music/views/default/playlist.html: 0
[2012-11-14 23:00:11] EDIT music/views/default/playlist.html: 0
[2012-11-14 23:00:11] EDIT music/views/default/playlist.html: 0
[2012-11-14 23:00:14] EDIT music/views/default/playlist.html: 0
[2012-11-14 23:10:51] EDIT music/static/js/music.js: -4
[2012-11-14 23:12:38] EDIT music/static/js/music.js: 0
[2012-11-14 23:12:50] EDIT music/static/js/music.js: 1
[2012-11-14 23:13:56] EDIT music/static/js/music.js: 0
[2012-11-14 23:14:00] EDIT music/static/js/music.js: 0
[2012-11-14 23:14:05] EDIT music/static/js/music.js: 0
[2012-11-14 23:14:44] EDIT music/static/js/music.js: 1
[2012-11-14 23:15:03] EDIT music/static/js/music.js: 0
[2012-11-14 23:16:23] EDIT music/static/js/music.js: 0
[2012-11-14 23:16:37] EDIT music/static/js/music.js: 0
[2012-11-14 23:16:38] EDIT music/static/js/music.js: 0
[2012-11-14 23:16:48] EDIT music/static/js/music.js: 1
[2012-11-14 23:17:15] EDIT music/static/js/music.js: 0
[2012-11-14 23:17:15] EDIT music/static/js/music.js: 0
[2012-11-14 23:17:17] EDIT music/static/js/music.js: 0
[2012-11-14 23:18:12] EDIT music/static/js/music.js: 1
[2012-11-14 23:18:25] EDIT music/static/js/music.js: 0
[2012-11-15 00:47:16] EDIT music/static/js/music.js: 0
[2012-11-15 00:47:18] EDIT music/static/js/music.js: 0
[2012-11-15 00:47:58] EDIT music/static/js/music.js: 0
[2012-11-15 00:48:55] EDIT music/static/js/music.js: 0
[2012-11-15 00:48:59] EDIT music/static/js/music.js: 0
[2012-11-15 00:49:12] EDIT music/static/js/music.js: -1
[2012-11-15 00:50:52] EDIT music/static/js/music.js: -1
[2012-11-15 00:52:10] EDIT music/views/default/playlist.html: 1
[2012-11-15 00:52:35] EDIT music/static/js/music.js: 0
[2012-11-15 00:53:59] EDIT music/static/js/music.js: 0
[2012-11-15 00:55:52] EDIT music/static/js/music.js: -14
[2012-11-15 00:55:56] EDIT music/static/js/music.js: 0
[2012-11-15 00:57:18] EDIT music/static/js/music.js: 0
[2012-11-15 00:59:20] EDIT music/static/js/music.js: -4
[2012-11-15 01:02:34] EDIT music/static/js/music.js: 0
[2012-11-15 01:03:04] EDIT music/static/js/music.js: 0
[2012-11-15 01:04:30] EDIT music/static/js/music.js: 0
[2012-11-15 01:04:39] EDIT music/static/js/music.js: 0
[2012-11-15 01:06:31] EDIT music/views/default/playlist.html: 0
[2012-11-15 01:08:49] EDIT music/controllers/default.py: 0
[2012-11-15 01:10:57] EDIT music/controllers/default.py: 2
[2012-11-15 01:11:05] EDIT music/controllers/default.py: 0
[2012-11-15 01:12:19] EDIT music/static/js/music.js: -1
[2012-11-15 01:12:22] EDIT music/static/js/music.js: 0
[2012-11-15 01:12:22] EDIT music/static/js/music.js: 0
[2012-11-15 01:12:41] EDIT music/controllers/default.py: 3
[2012-11-15 01:12:52] EDIT music/controllers/default.py: 0
[2012-11-15 01:15:01] EDIT music/controllers/default.py: 10
[2012-11-15 01:15:13] EDIT music/controllers/default.py: 0
[2012-11-15 01:15:14] EDIT music/controllers/default.py: 0
[2012-11-15 01:18:03] EDIT music/controllers/default.py: 0
[2012-11-15 01:19:24] EDIT music/controllers/default.py: 1
[2012-11-15 01:19:47] EDIT music/controllers/default.py: -2
[2012-11-15 01:19:49] EDIT music/controllers/default.py: 0
[2012-11-15 01:22:57] EDIT music/controllers/default.py: 1
[2012-11-15 01:23:12] EDIT music/controllers/default.py: -1
[2012-11-15 01:23:17] EDIT music/controllers/default.py: 0
[2012-11-15 01:23:40] EDIT music/controllers/default.py: -3
[2012-11-15 01:24:08] EDIT music/controllers/default.py: 0
[2012-11-15 01:24:08] EDIT music/controllers/default.py: 0
[2012-11-15 01:24:55] EDIT music/controllers/default.py: 0
[2012-11-15 01:24:59] EDIT music/controllers/default.py: 0
[2012-11-15 01:31:49] EDIT music/views/default/index.html: 0
[2012-11-15 01:32:06] EDIT music/views/default/index.html: 0
[2012-11-15 01:33:22] EDIT music/controllers/default.py: 0
[2012-11-15 01:37:34] EDIT music/views/default/playlist.html: 0
[2012-11-15 01:37:35] EDIT music/views/default/playlist.html: 0
[2012-11-15 01:38:33] EDIT music/views/default/index.html: 0
[2012-11-15 01:40:46] EDIT music/controllers/default.py: 0
[2012-11-15 01:41:12] EDIT music/controllers/default.py: 1
[2012-11-15 01:41:13] EDIT music/controllers/default.py: 0
[2012-11-15 01:41:38] EDIT music/controllers/default.py: 0
[2012-11-15 01:42:36] EDIT music/views/default/playlist.html: 0
[2012-11-15 01:43:02] EDIT music/controllers/default.py: 0
[2012-11-15 01:44:37] EDIT music/views/default/playlist.html: 5
[2012-11-15 01:44:38] EDIT music/views/default/playlist.html: 0
[2012-11-15 01:46:15] EDIT music/controllers/default.py: 0
[2012-11-15 01:48:56] EDIT music/controllers/default.py: 3
[2012-11-15 01:49:27] EDIT music/controllers/default.py: 0
[2012-11-15 01:50:26] EDIT music/controllers/default.py: 0
[2012-11-15 01:51:46] EDIT music/controllers/default.py: 0
[2012-11-15 01:55:11] EDIT music/static/js/music.js: 1
[2012-11-15 01:55:38] EDIT music/static/js/music.js: 0
[2012-11-15 02:03:29] EDIT music/controllers/default.py: -1
[2012-11-15 02:03:38] EDIT music/controllers/default.py: 0
[2012-11-15 02:04:06] EDIT music/controllers/default.py: 1
[2012-11-15 02:04:28] EDIT music/controllers/default.py: 0
[2012-11-15 02:05:18] EDIT music/static/js/music.js: 1
[2012-11-15 02:05:19] EDIT music/static/js/music.js: 0
[2012-11-15 02:07:02] EDIT music/static/js/music.js: -1
[2012-11-15 02:07:02] EDIT music/static/js/music.js: 0
[2012-11-15 02:08:39] EDIT music/static/js/music.js: 0
[2012-11-15 02:09:16] EDIT music/static/js/music.js: 1
[2012-11-15 02:15:51] EDIT music/views/default/playlist.html: 0
[2012-11-15 02:21:41] EDIT music/views/default/playlist.html: 0
[2012-11-15 02:21:43] EDIT music/views/default/playlist.html: 0
[2012-11-15 02:21:49] EDIT music/views/default/playlist.html: 0
[2012-11-15 02:24:19] EDIT music/views/default/playlist.html: 0
[2012-11-15 02:24:35] EDIT music/views/default/playlist.html: 0
[2012-11-15 02:24:59] EDIT music/views/default/playlist.html: 0
[2012-11-15 02:25:00] EDIT music/views/default/playlist.html: 0
[2012-11-15 02:25:43] EDIT music/views/default/playlist.html: 0
[2012-11-15 02:26:09] EDIT music/views/default/playlist.html: 0
[2012-11-15 02:26:40] EDIT music/views/default/playlist.html: -3
[2012-11-15 02:26:53] EDIT music/views/default/playlist.html: 1
[2012-11-15 02:27:41] EDIT music/views/default/playlist.html: 0
[2012-11-15 02:28:11] EDIT music/views/default/playlist.html: 0
[2012-11-15 02:28:22] EDIT music/views/default/playlist.html: 0
[2012-11-15 02:28:57] EDIT music/views/default/playlist.html: 0
[2012-11-15 02:30:00] EDIT music/views/default/playlist.html: 0
[2012-11-15 02:30:40] EDIT music/views/default/playlist.html: 0
[2012-11-15 02:31:10] EDIT music/views/default/playlist.html: -1
[2012-11-15 02:31:17] EDIT music/views/default/playlist.html: 1
[2012-11-15 02:31:56] EDIT music/views/default/playlist.html: 0
[2012-11-15 02:32:05] EDIT music/views/default/playlist.html: 0
[2012-11-15 02:33:21] EDIT music/views/default/playlist.html: 0
[2012-11-15 02:34:25] EDIT music/views/default/playlist.html: 0
[2012-11-15 02:37:41] EDIT music/views/layout.html: 0
[2012-11-15 02:39:47] EDIT music/controllers/default.py: 0
[2012-11-15 02:39:53] EDIT music/controllers/default.py: 0
[2012-11-15 02:40:51] EDIT music/views/default/playlist.html: 0
[2012-11-15 02:41:26] EDIT music/views/default/playlist.html: 0
[2012-11-15 02:41:38] EDIT music/views/default/playlist.html: 0
[2012-11-15 02:41:50] EDIT music/views/default/playlist.html: 0
[2012-11-15 02:42:00] EDIT music/views/default/playlist.html: 0
[2012-11-15 02:43:45] EDIT music/controllers/default.py: -1
[2012-11-15 02:43:47] EDIT music/controllers/default.py: 0
[2012-11-15 02:45:28] EDIT music/controllers/default.py: -1
[2012-11-15 02:45:37] EDIT music/controllers/default.py: -8
[2012-11-15 02:45:51] EDIT music/controllers/default.py: -2
[2012-11-15 02:50:10] EDIT music/models/db.py: 0
[2012-11-15 10:34:04] EDIT music/views/default/playlist.html: 1
[2012-11-15 10:34:38] EDIT music/static/js/music.js: 3
[2012-11-15 10:37:25] EDIT music/views/default/playlist.html: 0
[2012-11-15 10:38:10] EDIT music/views/default/playlist.html: 0
[2012-11-15 10:38:53] EDIT music/static/js/music.js: 1
[2012-11-15 10:40:32] EDIT music/static/js/music.js: 0
[2012-11-15 10:40:53] EDIT music/static/js/music.js: 1
[2012-11-15 10:40:57] EDIT music/static/js/music.js: 0
[2012-11-15 10:41:31] EDIT music/views/default/playlist.html: 0
[2012-11-15 10:42:09] EDIT music/static/js/music.js: 0
[2012-11-15 10:43:58] EDIT music/views/default/playlist.html: 0
[2012-11-15 10:44:25] EDIT music/static/js/music.js: 1
[2012-11-15 10:44:26] EDIT music/static/js/music.js: 0
[2012-11-15 10:44:42] EDIT music/static/js/music.js: 0
[2012-11-15 10:45:11] EDIT music/static/js/music.js: 0
[2012-11-15 10:45:12] EDIT music/static/js/music.js: 0
[2012-11-15 10:46:20] EDIT music/static/js/music.js: 0
[2012-11-15 10:46:24] EDIT music/static/js/music.js: 0
[2012-11-15 10:47:25] EDIT music/static/js/music.js: 0
[2012-11-15 10:48:20] EDIT music/controllers/default.py: 0
[2012-11-15 10:53:57] EDIT music/views/default/playlist.html: 0
[2012-11-15 10:56:03] EDIT music/views/default/playlist.html: 0
[2012-11-15 11:02:13] EDIT music/views/default/playlist.html: 0
[2012-11-15 11:02:14] EDIT music/views/default/playlist.html: 0
[2012-11-15 11:02:35] EDIT music/static/js/music.js: 0
[2012-11-15 11:06:03] EDIT music/views/default/playlist.html: 0
[2012-11-15 11:06:52] EDIT music/views/default/playlist.html: 0
[2012-11-15 11:07:07] EDIT music/views/default/playlist.html: 0
[2012-11-15 11:07:20] EDIT music/controllers/default.py: 0
[2012-11-15 11:10:33] EDIT music/static/js/music.js: -14
[2012-11-15 11:10:53] EDIT music/views/default/playlist.html: 0
[2012-11-15 11:11:02] EDIT music/static/js/music.js: 0
[2012-11-15 14:55:25] EDIT music/static/js/music.js: 2
[2012-11-15 14:57:32] EDIT music/static/js/music.js: 0
[2012-11-15 15:08:11] EDIT music/views/default/playlist.html: 2
[2012-11-15 15:09:10] EDIT music/static/js/music.js: 0
[2012-11-15 15:11:30] EDIT music/views/default/playlist.html: 0
[2012-11-15 15:12:11] EDIT music/views/default/playlist.html: 0
[2012-11-15 15:13:07] EDIT music/views/default/playlist.html: 0
[2012-11-15 15:13:49] EDIT music/static/js/music.js: 0
[2012-11-15 15:13:54] EDIT music/static/js/music.js: 0
[2012-11-15 15:14:07] EDIT music/static/js/music.js: 0
[2012-11-15 15:15:43] EDIT music/static/js/music.js: 0
[2012-11-15 15:21:25] EDIT music/static/js/music.js: 0
[2012-11-15 15:21:50] EDIT music/static/js/music.js: 0
[2012-11-15 18:02:57] EDIT music/static/js/music.js: 3
[2012-11-15 18:09:04] EDIT music/static/js/music.js: 1
[2012-11-15 18:09:59] EDIT music/static/js/music.js: -2
[2012-11-15 18:10:28] EDIT music/static/js/music.js: 0
[2012-11-15 18:11:38] EDIT music/views/default/playlist.html: 2
[2012-11-15 18:12:08] EDIT music/views/default/playlist.html: 0
[2012-11-15 18:12:23] EDIT music/views/default/playlist.html: -2
[2012-11-15 18:12:36] EDIT music/static/js/music.js: 0
[2012-11-15 18:12:44] EDIT music/static/js/music.js: 1
[2012-11-15 18:13:20] EDIT music/views/default/playlist.html: 0
[2012-11-15 18:13:28] EDIT music/views/default/playlist.html: 0
[2012-11-15 18:13:43] EDIT music/views/default/playlist.html: 0
[2012-11-15 18:17:00] EDIT music/views/default/playlist.html: 0
[2012-11-15 18:18:17] EDIT music/static/js/music.js: 1
[2012-11-15 18:18:42] EDIT music/static/js/music.js: 0
[2012-11-15 18:19:59] EDIT music/static/js/music.js: 4
[2012-11-15 18:20:17] EDIT music/static/js/music.js: 1
[2012-11-15 18:20:19] EDIT music/static/js/music.js: 0
[2012-11-15 18:21:12] EDIT music/static/js/music.js: 0
[2012-11-15 18:21:53] EDIT music/static/js/music.js: 0
[2012-11-15 18:22:51] EDIT music/static/js/music.js: -4
[2012-11-15 18:23:05] EDIT music/static/js/music.js: 0
[2012-11-15 18:25:02] EDIT music/static/js/music.js: 2
[2012-11-15 18:25:07] EDIT music/static/js/music.js: 0
[2012-11-15 18:25:50] EDIT music/views/default/playlist.html: 0
[2012-11-15 18:26:02] EDIT music/views/default/playlist.html: 0
[2012-11-15 18:26:14] EDIT music/views/default/playlist.html: 0
[2012-11-15 18:26:25] EDIT music/static/js/music.js: -1
[2012-11-15 18:26:28] EDIT music/static/js/music.js: -1
[2012-11-15 18:27:42] EDIT music/static/js/music.js: 0
[2012-11-15 18:29:25] EDIT music/static/js/music.js: 0
[2012-11-15 18:29:26] EDIT music/static/js/music.js: 0
[2012-11-15 18:30:30] EDIT music/static/js/music.js: 0
[2012-11-15 18:30:31] EDIT music/static/js/music.js: 0
[2012-11-15 18:31:30] EDIT music/static/js/music.js: 0
[2012-11-15 18:31:30] EDIT music/static/js/music.js: 0
[2012-11-15 18:31:41] EDIT music/static/js/music.js: 0
[2012-11-15 18:31:47] EDIT music/static/js/music.js: 0
[2012-11-15 18:32:23] EDIT music/static/js/music.js: 1
[2012-11-15 18:32:23] EDIT music/static/js/music.js: 0
[2012-11-15 18:32:27] EDIT music/static/js/music.js: 0
[2012-11-15 18:32:38] EDIT music/static/js/music.js: 0
[2012-11-15 18:33:43] EDIT music/static/js/music.js: 0
[2012-11-15 18:33:45] EDIT music/static/js/music.js: 0
[2012-11-15 18:36:21] EDIT music/static/js/music.js: 0
[2012-11-15 18:36:22] EDIT music/static/js/music.js: 0
[2012-11-15 18:37:34] EDIT music/views/default/playlist.html: 2
[2012-11-15 18:37:40] EDIT music/views/default/playlist.html: 0
[2012-11-15 18:37:55] EDIT music/views/default/playlist.html: 0
[2012-11-15 18:38:28] EDIT music/views/default/playlist.html: 0
[2012-11-15 18:42:24] EDIT music/static/js/music.js: 0
[2012-11-15 18:42:25] EDIT music/static/js/music.js: 0
[2012-11-15 18:43:46] EDIT music/controllers/default.py: 0
[2012-11-15 18:43:49] EDIT music/controllers/default.py: 0
[2012-11-15 18:45:19] EDIT music/views/default/playlist.html: -2
[2012-11-15 18:47:56] EDIT music/static/js/music.js: 0
[2012-11-15 18:47:57] EDIT music/static/js/music.js: 0
[2012-11-15 18:51:57] EDIT music/static/js/music.js: 0
[2012-11-15 18:51:57] EDIT music/static/js/music.js: 0
[2012-11-15 18:55:58] EDIT music/static/js/music.js: 0
[2012-11-15 18:56:00] EDIT music/static/js/music.js: 0
[2012-11-15 18:57:53] EDIT music/static/js/music.js: 0
[2012-11-15 19:00:59] EDIT music/static/js/music.js: 4
[2012-11-15 19:01:23] EDIT music/static/js/music.js: 1
[2012-11-15 19:02:46] EDIT music/static/js/music.js: 0
[2012-11-15 19:02:48] EDIT music/static/js/music.js: 0
[2012-11-15 19:02:50] EDIT music/static/js/music.js: 0
[2012-11-15 19:03:28] EDIT music/static/js/music.js: 0
[2012-11-15 19:04:27] EDIT music/static/js/music.js: 0
[2012-11-15 19:04:41] EDIT music/static/js/music.js: 0
[2012-11-15 19:04:44] EDIT music/static/js/music.js: 0
[2012-11-15 19:05:36] EDIT music/static/js/music.js: 0
[2012-11-15 19:06:47] EDIT music/static/js/music.js: 0
[2012-11-15 19:06:47] EDIT music/static/js/music.js: 0
[2012-11-15 19:09:37] EDIT music/static/js/music.js: 0
[2012-11-15 19:09:37] EDIT music/static/js/music.js: 0
[2012-11-15 19:09:39] EDIT music/static/js/music.js: 0
[2012-11-15 19:09:41] EDIT music/static/js/music.js: 0
[2012-11-15 19:09:47] EDIT music/static/js/music.js: 0
[2012-11-15 19:10:49] EDIT music/static/js/music.js: 0
[2012-11-15 19:10:50] EDIT music/static/js/music.js: 0
[2012-11-15 19:23:48] EDIT music/static/js/music.js: 0
[2012-11-15 19:29:27] EDIT music/static/js/music.js: 1
[2012-11-15 19:42:06] EDIT music/static/js/music.js: 2
[2012-11-15 19:42:33] EDIT music/static/js/music.js: 0
[2012-11-15 19:43:09] EDIT music/static/js/music.js: 1
[2012-11-15 19:43:26] EDIT music/static/js/music.js: 0
[2012-11-15 19:43:40] EDIT music/static/js/music.js: 0
[2012-11-15 19:43:58] EDIT music/static/js/music.js: 0
[2012-11-15 19:49:41] EDIT music/static/js/music.js: 7
[2012-11-15 19:49:42] EDIT music/static/js/music.js: 0
[2012-11-15 19:49:53] EDIT music/static/js/music.js: 1
[2012-11-15 19:49:55] EDIT music/static/js/music.js: 0
[2012-11-15 19:49:57] EDIT music/static/js/music.js: 0
[2012-11-15 19:50:00] EDIT music/static/js/music.js: 0
[2012-11-15 19:50:07] EDIT music/static/js/music.js: 0
[2012-11-15 19:51:44] EDIT music/static/js/music.js: 1
[2012-11-15 19:52:21] EDIT music/static/js/music.js: 0
[2012-11-15 19:52:58] EDIT music/static/js/music.js: 0
[2012-11-15 19:53:18] EDIT music/static/js/music.js: 0
[2012-11-15 19:54:24] EDIT music/static/js/music.js: 0
[2012-11-15 19:55:44] EDIT music/static/js/music.js: -1
[2012-11-15 19:56:24] EDIT music/static/js/music.js: 7
[2012-11-15 19:56:30] EDIT music/static/js/music.js: 0
[2012-11-15 19:57:21] EDIT music/static/js/music.js: 1
[2012-11-15 19:57:23] EDIT music/static/js/music.js: 0
[2012-11-15 19:57:51] EDIT music/static/js/music.js: 3
[2012-11-15 19:58:21] EDIT music/static/js/music.js: 4
[2012-11-15 19:59:13] EDIT music/static/js/music.js: -1
[2012-11-15 19:59:17] EDIT music/static/js/music.js: 0
[2012-11-15 19:59:46] EDIT music/static/js/music.js: 0
[2012-11-15 20:03:55] EDIT music/static/js/music.js: 0
[2012-11-15 20:04:18] EDIT music/static/js/music.js: 0
[2012-11-15 20:10:10] EDIT music/controllers/default.py: 0
[2012-11-15 20:10:29] EDIT music/controllers/default.py: 0
[2012-11-15 20:12:18] EDIT music/controllers/default.py: 0
[2012-11-15 20:12:45] EDIT music/controllers/default.py: -1
[2012-11-15 20:12:49] EDIT music/controllers/default.py: 0
[2012-11-15 20:13:44] EDIT music/controllers/default.py: -1
[2012-11-15 20:14:05] EDIT music/controllers/default.py: 0
[2012-11-15 20:16:54] EDIT music/controllers/default.py: 0
[2012-11-15 20:17:21] EDIT music/controllers/default.py: 0
[2012-11-15 20:20:04] EDIT music/views/default/index.html: 0
[2012-11-15 20:22:22] EDIT music/views/default/index.html: 13
[2012-11-15 20:22:33] EDIT music/views/default/index.html: 0
[2012-11-15 20:23:25] EDIT music/views/default/index.html: 0
[2012-11-15 20:24:20] EDIT music/views/default/index.html: 0
[2012-11-15 20:24:21] EDIT music/views/default/index.html: 0
[2012-11-15 20:24:49] EDIT music/views/default/index.html: 0
[2012-11-15 20:26:16] EDIT music/views/default/playlist.html: 0
[2012-11-15 20:26:41] EDIT music/views/default/index.html: 0
[2012-11-15 20:26:52] EDIT music/views/default/index.html: 0
[2012-11-15 20:27:00] EDIT music/views/default/playlist.html: 0
[2012-11-15 20:27:07] EDIT music/views/default/playlist.html: 1
[2012-11-15 20:27:23] EDIT music/views/default/index.html: -10
[2012-11-15 20:30:24] EDIT music/views/layout.html: 2
[2012-11-15 20:31:07] EDIT music/views/layout.html: 0
[2012-11-15 20:31:59] EDIT music/views/layout.html: 0
[2012-11-15 20:32:21] EDIT music/views/layout.html: 0
[2012-11-15 20:33:36] EDIT music/views/layout.html: -2
[2012-11-15 20:35:24] EDIT music/views/default/index.html: 0
[2012-11-15 20:35:33] EDIT music/views/default/index.html: 0
[2012-11-15 20:38:27] EDIT music/views/default/index.html: 0
[2012-11-15 20:38:30] EDIT music/views/default/index.html: 0
[2012-11-15 20:38:49] EDIT music/views/default/index.html: 0
[2012-11-15 20:39:40] EDIT music/static/js/music.js: 0
[2012-11-15 20:40:41] EDIT music/views/default/index.html: 0
[2012-11-15 20:42:59] EDIT music/views/default/index.html: 5
[2012-11-15 20:42:59] EDIT music/views/default/index.html: 0
[2012-11-15 20:43:07] EDIT music/views/default/index.html: 0
[2012-11-15 20:43:48] EDIT music/views/default/index.html: 0
[2012-11-15 20:44:28] EDIT music/views/default/index.html: 0
[2012-11-15 20:46:47] EDIT music/views/default/index.html: 0
[2012-11-15 20:48:13] EDIT music/views/default/playlist.html: 0
[2012-11-15 20:49:45] EDIT music/static/js/music.js: 1
[2012-11-15 20:49:50] EDIT music/static/js/music.js: 0
[2012-11-15 20:50:42] EDIT music/static/js/music.js: 0
[2012-11-15 20:51:16] EDIT music/static/js/music.js: 1
[2012-11-15 20:51:26] EDIT music/static/js/music.js: 1
[2012-11-15 20:52:55] EDIT music/static/js/music.js: 0
[2012-11-15 20:53:24] EDIT music/static/js/music.js: 0
[2012-11-15 21:52:00] EDIT music/views/default/index.html: 0
[2012-11-15 21:53:51] EDIT music/views/default/index.html: 0
[2012-11-15 21:53:52] EDIT music/views/default/index.html: 0
[2012-11-15 21:54:56] EDIT music/static/js/music.js: 2
[2012-11-15 21:56:31] EDIT music/views/default/index.html: 0
[2012-11-15 21:58:03] EDIT music/static/js/music.js: 0
[2012-11-15 22:00:13] EDIT music/static/js/music.js: 1
[2012-11-15 22:01:36] EDIT music/views/default/index.html: 0
[2012-11-15 22:02:06] EDIT music/static/js/music.js: 0
[2012-11-15 22:02:52] EDIT music/static/js/music.js: 1
[2012-11-15 22:04:35] EDIT music/static/js/music.js: 1
[2012-11-15 22:04:51] EDIT music/static/js/music.js: 4
[2012-11-15 22:05:11] EDIT music/static/js/music.js: 2
[2012-11-15 22:05:20] EDIT music/static/js/music.js: 0
[2012-11-15 22:05:24] EDIT music/static/js/music.js: 1
[2012-11-15 22:06:04] EDIT music/static/js/music.js: 2
[2012-11-15 22:07:02] EDIT music/static/js/music.js: 1
[2012-11-15 22:14:32] EDIT music/views/default/index.html: 7
[2012-11-15 22:14:55] EDIT music/views/default/index.html: 0
[2012-11-15 22:15:13] EDIT music/views/default/index.html: 0
[2012-11-15 22:16:44] EDIT music/views/default/index.html: 0
[2012-11-15 22:18:32] EDIT music/views/default/index.html: 1
[2012-11-15 22:18:33] EDIT music/views/default/index.html: 0
[2012-11-15 22:19:41] EDIT music/views/default/index.html: 0
[2012-11-15 22:19:44] EDIT music/views/default/index.html: 0
[2012-11-15 22:22:20] EDIT music/views/default/index.html: 0
[2012-11-15 22:25:59] EDIT music/views/default/index.html: 0
[2012-11-15 22:26:14] EDIT music/views/default/index.html: 0
[2012-11-15 22:26:23] EDIT music/views/default/index.html: 0
[2012-11-15 22:27:33] EDIT music/models/db.py: 1
[2012-11-15 22:27:34] EDIT music/models/db.py: 0
[2012-11-15 22:28:04] EDIT music/models/db.py: 0
[2012-11-15 22:41:59] EDIT music/views/default/playlist.html: 18
[2012-11-15 22:43:26] EDIT music/controllers/default.py: 1
[2012-11-15 22:43:36] EDIT music/controllers/default.py: 0
[2012-11-15 22:44:50] EDIT music/controllers/default.py: 0
[2012-11-15 22:46:28] EDIT music/views/default/playlist.html: 0
[2012-11-15 22:47:34] EDIT music/views/default/playlist.html: 0
[2012-11-15 22:47:49] EDIT music/views/default/playlist.html: 0
[2012-11-15 22:48:09] EDIT music/views/default/playlist.html: 0
[2012-11-15 22:49:14] EDIT music/views/default/playlist.html: 0
[2012-11-15 22:49:45] EDIT music/views/default/playlist.html: 0
[2012-11-15 22:49:51] EDIT music/views/default/playlist.html: 0
[2012-11-15 22:50:04] EDIT music/views/default/playlist.html: 0
[2012-11-15 22:51:28] EDIT music/views/default/playlist.html: 0
[2012-11-15 22:52:00] EDIT music/views/default/playlist.html: 0
[2012-11-15 22:53:03] EDIT music/views/default/playlist.html: 0
[2012-11-15 22:54:00] EDIT music/views/default/playlist.html: 0
[2012-11-15 22:56:20] EDIT music/views/default/playlist.html: 0
[2012-11-15 22:56:21] EDIT music/views/default/playlist.html: 0
[2012-11-15 22:56:24] EDIT music/views/default/playlist.html: 0
[2012-11-15 22:56:51] EDIT music/views/default/playlist.html: 0
[2012-11-15 22:57:23] EDIT music/controllers/default.py: 1
[2012-11-15 22:59:26] EDIT music/controllers/default.py: 1
[2012-11-15 22:59:30] EDIT music/controllers/default.py: 0
[2012-11-15 22:59:36] EDIT music/controllers/default.py: 0
[2012-11-15 22:59:38] EDIT music/controllers/default.py: 0
[2012-11-15 23:00:17] EDIT music/controllers/default.py: -1
[2012-11-15 23:00:19] EDIT music/controllers/default.py: 0
[2012-11-15 23:00:46] EDIT music/controllers/default.py: 0
[2012-11-15 23:06:31] EDIT music/controllers/default.py: 1
[2012-11-15 23:06:59] EDIT music/controllers/default.py: -1
[2012-11-15 23:08:40] EDIT music/views/default/index.html: 3
[2012-11-15 23:08:45] EDIT music/views/default/index.html: 0
[2012-11-15 23:08:51] EDIT music/views/default/index.html: 0
[2012-11-15 23:09:36] EDIT music/views/default/index.html: 0
[2012-11-15 23:10:06] EDIT music/views/default/index.html: 0
[2012-11-15 23:10:28] EDIT music/views/default/index.html: 0
[2012-11-15 23:10:55] EDIT music/views/default/index.html: 0
[2012-11-15 23:11:29] EDIT music/views/default/index.html: 0
[2012-11-15 23:18:27] EDIT music/views/default/index.html: 0
[2012-11-15 23:20:04] EDIT music/views/default/index.html: 0
[2012-11-15 23:20:09] EDIT music/views/default/index.html: 0
[2012-11-15 23:20:43] EDIT music/views/default/index.html: 0
[2012-11-15 23:20:49] EDIT music/views/default/index.html: 0
[2012-11-15 23:21:57] EDIT music/views/default/playlist.html: 0
[2012-11-15 23:23:18] EDIT music/controllers/default.py: 0
[2012-11-15 23:27:48] EDIT music/views/default/index.html: 0
[2012-11-15 23:28:04] EDIT music/views/default/index.html: 0
[2012-11-15 23:29:17] EDIT music/views/default/index.html: 0
[2012-11-15 23:29:24] EDIT music/views/default/index.html: 0
[2012-11-15 23:30:06] EDIT music/views/default/index.html: 0
[2012-11-15 23:30:39] EDIT music/views/default/index.html: 0
[2012-11-15 23:31:11] EDIT music/views/default/index.html: 0
[2012-11-15 23:32:22] EDIT music/views/default/index.html: 0
[2012-11-15 23:32:29] EDIT music/views/default/index.html: 0
[2012-11-15 23:34:00] EDIT music/views/default/index.html: 0
[2012-11-15 23:34:02] EDIT music/views/default/index.html: 0
[2012-11-15 23:39:33] EDIT music/views/default/index.html: 0
[2012-11-15 23:41:41] EDIT music/views/default/index.html: 0
[2012-11-15 23:50:10] EDIT music/controllers/default.py: 8
[2012-11-15 23:53:56] EDIT music/controllers/default.py: 0
[2012-11-15 23:54:07] EDIT music/controllers/default.py: 0
[2012-11-15 23:54:56] EDIT music/controllers/default.py: 0
[2012-11-15 23:54:59] EDIT music/controllers/default.py: 0
[2012-11-15 23:55:27] EDIT music/views/default/index.html: 0
[2012-11-15 23:55:39] EDIT music/controllers/default.py: 0
[2012-11-15 23:55:40] EDIT music/controllers/default.py: 0
[2012-11-15 23:56:11] EDIT music/views/default/index.html: 0
[2012-11-15 23:56:23] EDIT music/controllers/default.py: 0
[2012-11-15 23:56:25] EDIT music/controllers/default.py: 0
[2012-11-15 23:57:43] EDIT music/controllers/default.py: 0
[2012-11-15 23:57:43] EDIT music/controllers/default.py: 0
[2012-11-15 23:57:45] EDIT music/controllers/default.py: 0
[2012-11-15 23:57:48] EDIT music/controllers/default.py: 0
[2012-11-15 23:57:50] EDIT music/controllers/default.py: 0
[2012-11-16 00:01:13] EDIT music/controllers/default.py: 0
[2012-11-16 00:01:40] EDIT music/controllers/default.py: 0
[2012-11-16 00:01:53] EDIT music/controllers/default.py: 0
[2012-11-16 00:02:01] EDIT music/controllers/default.py: 0
[2012-11-16 00:02:07] EDIT music/controllers/default.py: 0
[2012-11-16 00:05:39] EDIT music/controllers/default.py: 0
[2012-11-16 00:05:39] EDIT music/controllers/default.py: 0
[2012-11-16 00:07:31] EDIT music/controllers/default.py: 0
[2012-11-16 00:07:55] EDIT music/controllers/default.py: 0
[2012-11-16 00:08:52] EDIT music/controllers/default.py: 0
[2012-11-16 00:09:00] EDIT music/controllers/default.py: 0
[2012-11-16 00:09:12] EDIT music/controllers/default.py: 0
[2012-11-16 00:10:14] EDIT music/controllers/default.py: 3
[2012-11-16 00:10:23] EDIT music/controllers/default.py: 0
[2012-11-16 00:10:57] EDIT music/controllers/default.py: 0
[2012-11-16 00:11:14] EDIT music/controllers/default.py: 0
[2012-11-16 00:11:16] EDIT music/controllers/default.py: 0
[2012-11-16 00:11:54] EDIT music/controllers/default.py: 0
[2012-11-16 00:13:14] EDIT music/controllers/default.py: 1
[2012-11-16 00:13:23] EDIT music/controllers/default.py: 0
[2012-11-16 00:13:39] EDIT music/controllers/default.py: 0
[2012-11-16 00:13:59] EDIT music/controllers/default.py: 0
[2012-11-16 00:15:21] EDIT music/controllers/default.py: 0
[2012-11-16 00:15:34] EDIT music/controllers/default.py: 0
[2012-11-16 00:16:05] EDIT music/controllers/default.py: 0
[2012-11-16 00:17:44] EDIT music/controllers/default.py: 0
[2012-11-16 00:17:53] EDIT music/controllers/default.py: 0
[2012-11-16 00:18:09] EDIT music/controllers/default.py: 0
[2012-11-16 00:20:26] EDIT music/controllers/default.py: 1
[2012-11-16 00:22:11] EDIT music/controllers/default.py: 0
[2012-11-16 00:24:43] EDIT music/controllers/default.py: -2
[2012-11-16 00:25:02] EDIT music/controllers/default.py: 0
[2012-11-16 00:25:30] EDIT music/controllers/default.py: 0
[2012-11-16 00:25:57] EDIT music/controllers/default.py: 1
[2012-11-16 00:26:09] EDIT music/controllers/default.py: 0
[2012-11-16 00:26:36] EDIT music/controllers/default.py: 0
[2012-11-16 00:28:11] EDIT music/controllers/default.py: 0
[2012-11-16 00:28:53] EDIT music/controllers/default.py: 0
[2012-11-16 00:29:07] EDIT music/controllers/default.py: 0
[2012-11-16 00:29:18] EDIT music/controllers/default.py: 0
[2012-11-16 00:29:40] EDIT music/controllers/default.py: 0
[2012-11-16 00:29:43] EDIT music/controllers/default.py: 0
[2012-11-16 00:30:26] EDIT music/controllers/default.py: 0
[2012-11-16 00:30:58] EDIT music/controllers/default.py: 0
[2012-11-16 00:34:04] EDIT music/controllers/default.py: 0
[2012-11-16 00:34:16] EDIT music/controllers/default.py: 1
[2012-11-16 00:34:31] EDIT music/controllers/default.py: -1
[2012-11-16 00:39:09] EDIT music/controllers/default.py: 0
[2012-11-16 00:40:00] EDIT music/controllers/default.py: 0
[2012-11-16 00:41:17] EDIT music/views/default/index.html: 2
[2012-11-16 00:41:23] EDIT music/views/default/index.html: 0
[2012-11-16 00:42:15] EDIT music/controllers/default.py: -1
[2012-11-16 01:28:31] EDIT music/controllers/default.py: -1
[2012-11-16 10:43:42] EDIT music/views/default/index.html: 12
[2012-11-16 10:44:59] EDIT music/controllers/default.py: 0
[2012-11-16 10:45:02] EDIT music/controllers/default.py: 0
[2012-11-16 10:45:23] EDIT music/controllers/default.py: 0
[2012-11-16 10:49:39] EDIT music/controllers/default.py: 0
[2012-11-16 10:50:28] EDIT music/controllers/default.py: 0
[2012-11-16 10:54:07] EDIT music/controllers/default.py: 1
[2012-11-16 10:54:09] EDIT music/controllers/default.py: 0
[2012-11-16 10:54:37] EDIT music/controllers/default.py: 1
[2012-11-16 10:58:37] EDIT music/controllers/default.py: -1
[2012-11-16 11:00:03] EDIT music/controllers/default.py: 0
[2012-11-16 11:00:47] EDIT music/controllers/default.py: 0
[2012-11-16 11:01:22] EDIT music/controllers/default.py: 0
[2012-11-16 11:05:14] EDIT music/controllers/default.py: 2
[2012-11-16 11:05:47] EDIT music/controllers/default.py: 0
[2012-11-16 11:06:28] EDIT music/controllers/default.py: 0
[2012-11-16 11:06:43] EDIT music/controllers/default.py: 0
[2012-11-16 11:10:48] EDIT music/controllers/default.py: 0
[2012-11-16 11:11:03] EDIT music/controllers/default.py: 0
[2012-11-16 11:11:12] EDIT music/controllers/default.py: 0
[2012-11-16 11:11:23] EDIT music/controllers/default.py: 0
[2012-11-16 11:13:29] EDIT music/controllers/default.py: 4
[2012-11-16 11:13:31] EDIT music/controllers/default.py: 0
[2012-11-16 11:13:59] EDIT music/views/default/index.html: 8
[2012-11-16 11:13:59] EDIT music/views/default/index.html: 0
[2012-11-16 11:14:13] EDIT music/controllers/default.py: 0
[2012-11-16 11:14:15] EDIT music/controllers/default.py: 0
[2012-11-16 11:14:41] EDIT music/views/default/index.html: 3
[2012-11-16 11:14:49] EDIT music/views/default/index.html: 0
[2012-11-16 11:17:41] EDIT music/controllers/default.py: 12
[2012-11-16 11:18:43] EDIT music/controllers/default.py: -12
[2012-11-16 11:18:57] EDIT music/controllers/default.py: 3
[2012-11-16 11:19:21] EDIT music/controllers/default.py: 1
[2012-11-16 11:19:42] EDIT music/controllers/default.py: 1
[2012-11-16 11:20:13] EDIT music/controllers/default.py: 6
[2012-11-16 11:20:58] EDIT music/controllers/default.py: 1
[2012-11-16 11:21:05] EDIT music/controllers/default.py: 0
[2012-11-16 11:22:08] EDIT music/controllers/default.py: -1
[2012-11-16 11:22:35] EDIT music/controllers/default.py: 0
[2012-11-16 11:23:14] EDIT music/controllers/default.py: 0
[2012-11-16 11:24:13] EDIT music/controllers/default.py: 0
[2012-11-16 11:24:22] EDIT music/controllers/default.py: 0
[2012-11-16 11:25:45] EDIT music/controllers/default.py: 3
[2012-11-16 11:28:02] EDIT music/controllers/default.py: 0
[2012-11-16 11:31:58] EDIT music/controllers/default.py: -4
[2012-11-16 11:32:44] EDIT music/controllers/default.py: 0
[2012-11-16 11:33:11] EDIT music/controllers/default.py: 0
[2012-11-16 11:33:14] EDIT music/controllers/default.py: 0
[2012-11-16 11:33:42] EDIT music/controllers/default.py: 0
[2012-11-16 11:34:38] EDIT music/controllers/default.py: 0
[2012-11-16 11:35:40] EDIT music/controllers/default.py: -3
[2012-11-16 11:35:44] EDIT music/controllers/default.py: 0
[2012-11-16 11:35:47] EDIT music/controllers/default.py: 0
[2012-11-16 11:35:57] EDIT music/controllers/default.py: 0
[2012-11-16 11:39:18] EDIT music/views/default/index.html: 0
[2012-11-16 11:41:56] EDIT music/views/default/index.html: 0
[2012-11-16 11:41:59] EDIT music/views/default/index.html: 0
[2012-11-16 11:54:50] EDIT music/views/default/index.html: 0
[2012-11-16 11:55:11] EDIT music/views/default/index.html: 0
[2012-11-16 11:55:14] EDIT music/views/default/index.html: 0
[2012-11-16 11:57:32] EDIT music/views/default/index.html: 0
[2012-11-16 12:00:19] EDIT music/views/default/index.html: 0
[2012-11-16 12:00:43] EDIT music/views/default/index.html: 0
[2012-11-16 12:02:24] EDIT music/views/default/index.html: 0
[2012-11-16 12:03:22] EDIT music/views/default/index.html: 0
[2012-11-16 12:04:39] EDIT music/views/default/index.html: 0
[2012-11-16 12:04:40] EDIT music/views/default/index.html: 0
[2012-11-16 12:06:37] EDIT music/static/js/music.js: 0
[2012-11-16 12:07:54] EDIT music/static/js/music.js: 0
[2012-11-16 12:11:54] EDIT music/views/default/index.html: 2
[2012-11-16 12:13:29] EDIT music/views/default/index.html: 0
[2012-11-16 12:15:46] EDIT music/controllers/default.py: 0
[2012-11-16 12:16:01] EDIT music/controllers/default.py: 0
[2012-11-16 12:18:00] EDIT music/views/default/index.html: 0
[2012-11-16 12:28:05] EDIT music/views/default/index.html: 0
[2012-11-16 12:28:06] EDIT music/views/default/index.html: 0
[2012-11-16 12:29:02] EDIT music/static/js/music.js: 0
[2012-11-16 12:30:17] EDIT music/static/js/music.js: 0
[2012-11-16 12:31:36] EDIT music/static/js/music.js: 0
[2012-11-16 12:31:47] EDIT music/static/js/music.js: 0
[2012-11-16 12:32:37] EDIT music/static/js/music.js: 0
[2012-11-16 12:33:44] EDIT music/static/js/music.js: 0
[2012-11-16 12:34:30] EDIT music/views/default/index.html: 0
[2012-11-16 12:34:58] EDIT music/views/default/index.html: 0
[2012-11-16 12:35:07] EDIT music/views/default/index.html: 0
[2012-11-16 15:06:25] EDIT music/static/js/music.js: 3
[2012-11-16 15:07:22] EDIT music/static/js/music.js: 2
[2012-11-16 15:09:14] EDIT music/static/js/music.js: 1
[2012-11-16 15:09:16] EDIT music/static/js/music.js: 0
[2012-11-16 15:09:31] EDIT music/static/js/music.js: 1
[2012-11-16 15:09:33] EDIT music/static/js/music.js: 0
[2012-11-16 15:10:06] EDIT music/static/js/music.js: 0
[2012-11-16 15:12:30] EDIT music/controllers/default.py: 1
[2012-11-16 15:12:40] EDIT music/controllers/default.py: 0
[2012-11-16 15:13:16] EDIT music/controllers/default.py: 1
[2012-11-16 15:13:22] EDIT music/controllers/default.py: 0
[2012-11-16 15:13:33] EDIT music/controllers/default.py: 0
[2012-11-16 15:14:33] EDIT music/views/default/index.html: 1
[2012-11-16 15:14:47] EDIT music/views/default/index.html: 0
[2012-11-16 15:15:34] EDIT music/controllers/default.py: 1
[2012-11-16 15:15:45] EDIT music/controllers/default.py: 0
[2012-11-16 15:16:26] EDIT music/static/js/music.js: 0
[2012-11-16 15:16:43] EDIT music/static/js/music.js: 0
[2012-11-16 15:16:58] EDIT music/static/js/music.js: -1
[2012-11-16 15:19:46] EDIT music/views/default/index.html: 0
[2012-11-16 15:22:12] EDIT music/views/default/index.html: 0
[2012-11-16 15:24:30] EDIT music/controllers/default.py: 2
[2012-11-16 15:25:39] EDIT music/controllers/default.py: -2
[2012-11-16 15:26:15] EDIT music/views/default/index.html: 1
[2012-11-16 15:26:57] EDIT music/views/default/index.html: 1
[2012-11-16 19:40:49] EDIT music/views/default/index.html: 0
[2012-11-16 19:41:14] EDIT music/views/default/index.html: 0
[2012-11-16 19:46:13] EDIT music/views/default/index.html: 0
[2012-11-16 21:22:28] EDIT music/views/default/index.html: 1
[2012-11-16 21:23:12] EDIT music/views/default/index.html: 1
[2012-11-16 21:23:22] EDIT music/views/default/index.html: 0
[2012-11-16 21:25:00] EDIT music/views/default/index.html: 2
[2012-11-16 21:25:03] EDIT music/views/default/index.html: 0
[2012-11-16 21:27:22] EDIT music/static/js/music.js: 2
[2012-11-16 21:28:46] EDIT music/static/js/music.js: 0
[2012-11-16 21:29:04] EDIT music/static/js/music.js: -1
[2012-11-16 21:30:34] EDIT music/views/default/index.html: 0
[2012-11-16 21:32:02] EDIT music/static/js/music.js: 2
[2012-11-16 21:32:45] EDIT music/static/js/music.js: 0
[2012-11-16 21:34:51] EDIT music/static/js/music.js: 9
[2012-11-16 21:35:07] EDIT music/static/js/music.js: 0
[2012-11-16 21:36:13] EDIT music/static/js/music.js: 1
[2012-11-16 21:37:33] EDIT music/static/js/music.js: 1
[2012-11-16 21:37:37] EDIT music/static/js/music.js: 0
[2012-11-16 21:44:55] EDIT music/static/js/music.js: 0
[2012-11-16 21:50:34] EDIT music/views/default/index.html: 1
[2012-11-16 21:51:26] EDIT music/static/js/music.js: 1
[2012-11-16 21:55:41] EDIT music/static/js/music.js: 1
[2012-11-16 21:57:56] EDIT music/static/js/music.js: 0
[2012-11-16 21:58:29] EDIT music/static/js/music.js: 0
[2012-11-16 21:58:52] EDIT music/static/js/music.js: 0
[2012-11-16 21:59:24] EDIT music/static/js/music.js: 0
[2012-11-16 21:59:41] EDIT music/static/js/music.js: 0
[2012-11-16 22:00:11] EDIT music/static/js/music.js: 0
[2012-11-16 22:00:13] EDIT music/static/js/music.js: 0
[2012-11-16 22:00:41] EDIT music/static/js/music.js: 0
[2012-11-16 22:01:03] EDIT music/static/js/music.js: 0
[2012-11-16 22:01:24] EDIT music/static/js/music.js: 0
[2012-11-16 22:02:12] EDIT music/static/js/music.js: 0
[2012-11-16 22:04:30] EDIT music/static/js/music.js: 0
[2012-11-16 22:11:12] EDIT music/static/js/music.js: 0
[2012-11-16 22:11:38] EDIT music/static/js/music.js: 2
[2012-11-16 22:11:42] EDIT music/static/js/music.js: 0
[2012-11-16 22:12:14] EDIT music/static/js/music.js: 0
[2012-11-16 22:13:44] EDIT music/static/js/music.js: 2
[2012-11-16 22:14:39] EDIT music/static/js/music.js: 0
[2012-11-16 22:15:03] EDIT music/static/js/music.js: 1
[2012-11-16 22:15:12] EDIT music/static/js/music.js: 0
[2012-11-16 22:15:14] EDIT music/static/js/music.js: 0
[2012-11-16 22:16:16] EDIT music/static/js/music.js: 1
[2012-11-16 22:17:10] EDIT music/static/js/music.js: 1
[2012-11-16 22:17:14] EDIT music/static/js/music.js: 0
[2012-11-16 22:17:49] EDIT music/static/js/music.js: 0
[2012-11-16 22:17:58] EDIT music/static/js/music.js: -1
[2012-11-16 22:18:32] EDIT music/static/js/music.js: 2
[2012-11-16 22:18:42] EDIT music/static/js/music.js: 0
[2012-11-16 22:18:48] EDIT music/static/js/music.js: 0
[2012-11-16 22:19:05] EDIT music/static/js/music.js: 0
[2012-11-16 22:19:37] EDIT music/static/js/music.js: -2
[2012-11-16 22:21:29] EDIT music/static/js/music.js: -1
[2012-11-16 22:21:35] EDIT music/static/js/music.js: -1
[2012-11-16 22:22:39] EDIT music/views/default/index.html: 0
[2012-11-16 22:22:57] EDIT music/views/default/index.html: 0
[2012-11-16 22:23:26] EDIT music/views/default/index.html: 0
[2012-11-16 22:24:33] EDIT music/views/default/index.html: 0
[2012-11-16 22:24:35] EDIT music/views/default/index.html: 0
[2012-11-16 22:25:08] EDIT music/views/default/index.html: 0
[2012-11-16 22:27:48] EDIT music/static/js/music.js: 13
[2012-11-16 22:28:22] EDIT music/views/default/index.html: 0
[2012-11-16 22:28:27] EDIT music/views/default/index.html: 0
[2012-11-16 22:28:30] EDIT music/views/default/index.html: 0
[2012-11-16 22:29:06] EDIT music/views/default/index.html: 0
[2012-11-16 22:29:23] EDIT music/views/default/index.html: 0
[2012-11-16 22:29:25] EDIT music/views/default/index.html: 0
[2012-11-16 22:30:01] EDIT music/static/js/music.js: 1
[2012-11-16 22:30:43] EDIT music/views/default/index.html: 0
[2012-11-16 22:31:19] EDIT music/views/default/index.html: 0
[2012-11-16 22:32:32] EDIT music/static/js/music.js: 1
[2012-11-16 22:33:20] EDIT music/views/default/index.html: 0
[2012-11-16 22:33:22] EDIT music/views/default/index.html: 0
[2012-11-16 22:33:47] EDIT music/views/default/index.html: 0
[2012-11-16 22:34:11] EDIT music/views/default/index.html: 0
[2012-11-16 22:35:41] EDIT music/static/js/music.js: 0
[2012-11-16 22:36:15] EDIT music/views/default/index.html: 0
[2012-11-16 22:36:32] EDIT music/views/default/index.html: 0
[2012-11-16 22:36:47] EDIT music/views/default/index.html: 0
[2012-11-16 22:38:47] EDIT music/views/default/index.html: 0
[2012-11-16 22:39:28] EDIT music/views/default/index.html: 1
[2012-11-16 22:40:47] EDIT music/views/default/index.html: 0
[2012-11-16 22:40:49] EDIT music/views/default/index.html: 0
[2012-11-16 22:41:34] EDIT music/views/default/index.html: 0
[2012-11-16 22:41:59] EDIT music/views/default/index.html: 0
[2012-11-16 22:42:11] EDIT music/views/default/index.html: 0
[2012-11-16 22:42:18] EDIT music/views/default/index.html: 0
[2012-11-16 22:42:35] EDIT music/views/default/index.html: 0
[2012-11-16 22:43:05] EDIT music/views/default/index.html: 0
[2012-11-16 22:43:25] EDIT music/views/default/index.html: 0
[2012-11-16 22:43:35] EDIT music/views/default/index.html: 0
[2012-11-16 22:43:49] EDIT music/views/default/index.html: 0
[2012-11-16 22:43:54] EDIT music/views/default/index.html: 0
[2012-11-16 22:44:12] EDIT music/views/default/index.html: 0
[2012-11-16 22:44:17] EDIT music/views/default/index.html: 0
[2012-11-16 22:44:37] EDIT music/views/default/index.html: 0
[2012-11-16 22:45:09] EDIT music/views/default/index.html: 0
[2012-11-16 22:45:10] EDIT music/views/default/index.html: 0
[2012-11-16 22:45:12] EDIT music/views/default/index.html: 0
[2012-11-16 22:45:33] EDIT music/views/default/index.html: 0
[2012-11-16 22:46:01] EDIT music/static/js/music.js: 0
[2012-11-16 22:46:29] EDIT music/static/js/music.js: -10
[2012-11-16 22:46:42] EDIT music/views/default/index.html: 0
[2012-11-16 22:47:24] EDIT music/static/js/music.js: 0
[2012-11-16 22:47:26] EDIT music/static/js/music.js: 0
[2012-11-16 22:47:39] EDIT music/static/js/music.js: 1
[2012-11-16 22:47:41] EDIT music/static/js/music.js: 0
[2012-11-16 22:47:49] EDIT music/static/js/music.js: 0
[2012-11-16 22:48:05] EDIT music/views/default/index.html: 0
[2012-11-16 22:52:11] EDIT music/views/default/index.html: 0
[2012-11-16 22:52:51] EDIT music/static/js/music.js: 0
[2012-11-16 22:52:59] EDIT music/views/default/index.html: 0
[2012-11-16 22:53:46] EDIT music/static/js/music.js: 8
[2012-11-16 22:53:48] EDIT music/static/js/music.js: 0
[2012-11-16 22:53:57] EDIT music/views/default/index.html: 0
[2012-11-16 22:54:31] EDIT music/views/default/index.html: -1
[2012-11-16 22:54:39] EDIT music/views/default/index.html: 0
[2012-11-16 22:54:42] EDIT music/views/default/index.html: 0
[2012-11-16 22:54:43] EDIT music/views/default/index.html: 0
[2012-11-16 22:55:18] EDIT music/static/js/music.js: 0
[2012-11-16 22:55:26] EDIT music/views/default/index.html: 0
[2012-11-16 22:56:00] EDIT music/views/default/index.html: 0
[2012-11-16 22:57:09] EDIT music/static/js/music.js: 3
[2012-11-16 22:57:25] EDIT music/static/js/music.js: 0
[2012-11-16 22:58:42] EDIT music/static/js/music.js: 0
[2012-11-16 22:59:19] EDIT music/static/js/music.js: 0
[2012-11-16 23:00:03] EDIT music/static/js/music.js: 0
[2012-11-16 23:04:04] EDIT music/static/js/music.js: 7
[2012-11-16 23:04:25] EDIT music/static/js/music.js: 0
[2012-11-16 23:04:54] EDIT music/static/js/music.js: 3
[2012-11-16 23:05:13] EDIT music/static/js/music.js: 0
[2012-11-16 23:07:37] EDIT music/static/js/music.js: 2
[2012-11-16 23:09:15] EDIT music/static/js/music.js: 1
[2012-11-16 23:09:43] EDIT music/static/js/music.js: 0
[2012-11-16 23:13:05] EDIT music/static/js/music.js: 2
[2012-11-16 23:13:07] EDIT music/static/js/music.js: 0
[2012-11-16 23:14:43] EDIT music/static/js/music.js: 2
[2012-11-16 23:15:15] EDIT music/static/js/music.js: 3
[2012-11-16 23:17:51] EDIT music/views/default/index.html: 0
[2012-11-16 23:19:28] EDIT music/views/default/index.html: 0
[2012-11-16 23:20:36] EDIT music/static/js/music.js: 0
[2012-11-16 23:20:54] EDIT music/static/js/music.js: 0
[2012-11-16 23:21:10] EDIT music/static/js/music.js: 0
[2012-11-16 23:24:08] EDIT music/views/default/index.html.1: 0
[2012-11-16 23:24:33] EDIT music/views/default/index.html.1: 0
[2012-11-16 23:25:26] EDIT music/views/default/index.html.1: 0
[2012-11-16 23:25:47] EDIT music/views/default/index.html.1: 0
[2012-11-16 23:25:53] EDIT music/views/default/index.html.1: 0
[2012-11-16 23:26:02] EDIT music/views/default/index.html.1: 0
[2012-11-16 23:26:13] EDIT music/views/default/index.html.1: 0
[2012-11-16 23:27:21] EDIT music/views/default/index.html.1: 0
[2012-11-16 23:27:32] EDIT music/views/default/index.html.1: 0
[2012-11-16 23:28:05] EDIT music/views/default/index.html.1: 0
[2012-11-16 23:29:20] EDIT music/views/default/index.html.1: 0
[2012-11-16 23:29:20] EDIT music/views/default/index.html.1: 0
[2012-11-16 23:32:41] EDIT music/views/default/index.html.1: 0
[2012-11-16 23:34:39] EDIT music/controllers/default.py: 3
[2012-11-16 23:35:35] EDIT music/controllers/default.py: 1
[2012-11-16 23:35:50] EDIT music/controllers/default.py: 0
[2012-11-16 23:37:06] EDIT music/controllers/default.py: 0
[2012-11-16 23:37:37] EDIT music/controllers/default.py: 6
[2012-11-16 23:37:41] EDIT music/controllers/default.py: 0
[2012-11-16 23:38:07] EDIT music/controllers/default.py: 0
[2012-11-16 23:38:32] EDIT music/controllers/default.py: 0
[2012-11-16 23:39:44] EDIT music/controllers/default.py: 0
[2012-11-16 23:40:15] EDIT music/controllers/default.py: 0
[2012-11-16 23:41:35] EDIT music/views/default/index.html.1: 0
[2012-11-16 23:41:58] EDIT music/views/default/index.html.1: 0
[2012-11-16 23:41:59] EDIT music/views/default/index.html.1: 0
[2012-11-16 23:42:05] EDIT music/views/default/index.html.1: -1
[2012-11-16 23:42:20] EDIT music/views/default/index.html.1: 1
[2012-11-16 23:42:40] EDIT music/views/default/index.html.1: -1
[2012-11-16 23:42:56] EDIT music/views/default/index.html.1: 1
[2012-11-16 23:43:09] EDIT music/views/default/index.html.1: 0
[2012-11-16 23:43:13] EDIT music/views/default/index.html.1: 0
[2012-11-16 23:43:16] EDIT music/views/default/index.html.1: 0
[2012-11-16 23:43:31] EDIT music/views/default/index.html.1: 0
[2012-11-16 23:44:22] EDIT music/views/default/index.html.1: 1
[2012-11-16 23:44:22] EDIT music/views/default/index.html.1: 0
[2012-11-16 23:44:29] EDIT music/views/default/index.html.1: 1
[2012-11-16 23:44:51] EDIT music/views/default/index.html.1: -2
[2012-11-16 23:45:21] EDIT music/views/default/index.html.1: 0
[2012-11-16 23:45:31] EDIT music/views/default/index.html.1: 0
[2012-11-16 23:45:43] EDIT music/views/default/index.html.1: 0
[2012-11-16 23:45:47] EDIT music/views/default/index.html.1: 0
[2012-11-16 23:45:55] EDIT music/views/default/index.html.1: 0
[2012-11-16 23:46:17] EDIT music/views/default/index.html.1: 0
[2012-11-16 23:46:54] EDIT music/views/default/index.html.1: 0
[2012-11-16 23:47:56] EDIT music/views/default/index.html: 0
[2012-11-16 23:48:03] EDIT music/views/default/index.html: 0
[2012-11-16 23:48:52] EDIT music/views/default/index.html: 0
[2012-11-16 23:50:17] EDIT music/views/default/index.html: 0
[2012-11-16 23:50:37] EDIT music/views/default/index.html: 0
[2012-11-16 23:50:38] EDIT music/views/default/index.html: 0
[2012-11-16 23:51:11] EDIT music/views/default/index.html: 0
