timestamp: 2012-11-06T20:15:21.543473
CREATE TABLE auth_user(
    id INTEGER PRIMARY KEY AUTOINCREMENT,
    first_name CHAR(128),
    last_name CHAR(128),
    email CHAR(512),
    password CHAR(512),
    registration_key CHAR(512),
    reset_password_key CHAR(512),
    registration_id CHAR(512)
);
success!
timestamp: 2012-11-06T20:15:21.738757
CREATE TABLE auth_group(
    id INTEGER PRIMARY KEY AUTOINCREMENT,
    role CHAR(512),
    description TEXT
);
success!
timestamp: 2012-11-06T20:15:21.916901
CREATE TABLE auth_membership(
    id INTEGER PRIMARY KEY AUTOINCREMENT,
    user_id INTEGER REFERENCES auth_user (id) ON DELETE CASCADE,
    group_id INTEGER REFERENCES auth_group (id) ON DELETE CASCADE
);
success!
timestamp: 2012-11-06T20:15:22.084107
CREATE TABLE auth_permission(
    id INTEGER PRIMARY KEY AUTOINCREMENT,
    group_id INTEGER REFERENCES auth_group (id) ON DELETE CASCADE,
    name CHAR(512),
    table_name CHAR(512),
    record_id INTEGER
);
success!
timestamp: 2012-11-06T20:15:22.262167
CREATE TABLE auth_event(
    id INTEGER PRIMARY KEY AUTOINCREMENT,
    time_stamp TIMESTAMP,
    client_ip CHAR(512),
    user_id INTEGER REFERENCES auth_user (id) ON DELETE CASCADE,
    origin CHAR(512),
    description TEXT
);
success!
timestamp: 2012-11-06T20:15:22.428863
CREATE TABLE auth_cas(
    id INTEGER PRIMARY KEY AUTOINCREMENT,
    user_id INTEGER REFERENCES auth_user (id) ON DELETE CASCADE,
    created_on TIMESTAMP,
    service CHAR(512),
    ticket CHAR(512),
    renew CHAR(1)
);
success!
timestamp: 2012-11-06T20:16:24.735856
ALTER TABLE auth_user ADD playlist_name CHAR(512);
timestamp: 2012-11-07T02:07:53.847005
CREATE TABLE song(
    id INTEGER PRIMARY KEY AUTOINCREMENT,
    title CHAR(255),
    file CHAR(512)
);
success!
timestamp: 2012-11-07T02:19:43.002167
CREATE TABLE playlist(
    id INTEGER PRIMARY KEY AUTOINCREMENT,
    user_id INTEGER,
    name CHAR(255),
    songlist CHAR(512)
);
success!
timestamp: 2012-11-15T22:28:07.647085
ALTER TABLE playlist ADD shared INTEGER;
